script_baulaerm.py 19 2023-09-25 16:43:16,052 INFO Script started
v3.py 268 2023-09-25 16:43:16,053 INFO Baulaerm-Auswertung von 2023-07-01 07:00:00 bis 2023-07-01 20:00:00
azure.py 57 2023-09-25 16:43:33,919 INFO                      E1_estimated_1  E1_estimated_2
Timestamp                                          
2023-07-01 07:00:00            37.9            41.1
2023-07-01 07:00:01            37.2            40.8
2023-07-01 07:00:02            37.7            41.2
2023-07-01 07:00:03            36.7            41.8
2023-07-01 07:00:04            37.0            41.8
...                             ...             ...
2023-07-01 19:59:55            37.5            49.3
2023-07-01 19:59:56            37.6            49.5
2023-07-01 19:59:57            41.7            51.3
2023-07-01 19:59:58            44.5            55.9
2023-07-01 19:59:59            42.2            58.0

[46790 rows x 2 columns]
azure.py 90 2023-09-25 16:43:33,940 INFO select lafeq, lcfeq, lafmax, time from "dauerauswertung_resu" where messpunkt_id = '16b2a784-8b6b-4b7e-9abf-fd2d5a8a0091'::uuid and time >= '2023-07-01 07:00:00+02:00' and time < '2023-07-01 20:00:00+02:00' ORDER BY TIME
v3.py 289 2023-09-25 16:43:38,194 INFO Messdaten: f                     R1_LAFeq  R1_LCFeq  R1_LAFmax  E1_estimated_1  E1_estimated_2
Timestamp                                                                         
2023-07-01 07:00:00      43.0      50.2       44.0            37.9            41.1
2023-07-01 07:00:01      42.5      49.8       43.3            37.2            40.8
2023-07-01 07:00:02      43.0      50.2       43.4            37.7            41.2
2023-07-01 07:00:03      43.1      50.1       43.6            36.7            41.8
2023-07-01 07:00:04      43.2      50.3       43.8            37.0            41.8
...                       ...       ...        ...             ...             ...
2023-07-01 19:59:55      49.6      59.8       50.0            37.5            49.3
2023-07-01 19:59:56      49.8      59.6       50.4            37.6            49.5
2023-07-01 19:59:57      51.8      59.5       54.7            41.7            51.3
2023-07-01 19:59:58      56.2      65.8       57.8            44.5            55.9
2023-07-01 19:59:59      58.2      67.9       58.5            42.2            58.0

[46790 rows x 5 columns]
v3.py 40 2023-09-25 16:43:38,202 INFO Hohe Fremdgeräusche an MP 1
v3.py 41 2023-09-25 16:43:38,203 INFO Timestamp
2023-07-01 07:00:00    True
2023-07-01 07:00:01    True
2023-07-01 07:00:02    True
2023-07-01 07:00:03    True
2023-07-01 07:00:04    True
                       ... 
2023-07-01 19:59:55    True
2023-07-01 19:59:56    True
2023-07-01 19:59:57    True
2023-07-01 19:59:58    True
2023-07-01 19:59:59    True
Length: 46790, dtype: bool
v3.py 44 2023-09-25 16:43:38,211 INFO Anzahl Sekunden mit hohem Fremdpegel Timestamp
2023-07-01 07:00:00    True
2023-07-01 07:00:01    True
2023-07-01 07:00:02    True
2023-07-01 07:00:03    True
2023-07-01 07:00:04    True
                       ... 
2023-07-01 19:59:55    True
2023-07-01 19:59:56    True
2023-07-01 19:59:57    True
2023-07-01 19:59:58    True
2023-07-01 19:59:59    True
Length: 46227, dtype: bool
v3.py 294 2023-09-25 16:43:38,249 INFO Zuordnung Baustelle / Nicht-Baustelle                      R1_LAFeq  R1_LCFeq  R1_LAFmax  E1_estimated_1  E1_estimated_2
Timestamp                                                                         
2023-07-01 07:04:01      51.3      60.7       52.6            48.4            47.6
2023-07-01 07:04:21      47.9      61.4       48.5            46.1            42.7
2023-07-01 07:04:22      47.4      59.4       48.0            45.7            41.8
2023-07-01 07:04:37      46.1      59.6       47.9            43.4            42.5
2023-07-01 07:04:39      47.6      58.5       50.5            45.0            43.9
...                       ...       ...        ...             ...             ...
2023-07-01 19:51:18      41.9      56.1       42.7            39.4            37.9
2023-07-01 19:54:25      42.2      59.4       42.7            39.8            38.0
2023-07-01 19:54:57      52.2      70.5       52.8            49.7            48.2
2023-07-01 19:55:05      44.8      60.7       45.4            42.0            41.1
2023-07-01 19:55:13      48.8      59.4       50.0            46.2            44.7

[563 rows x 5 columns],                                               filtered_by  messpunkt
Timestamp                                                           
2023-07-01 07:00:00  ed871682-e111-4cf5-9304-21068d2145cc        0.0
2023-07-01 07:00:01  ed871682-e111-4cf5-9304-21068d2145cc        0.0
2023-07-01 07:00:02  ed871682-e111-4cf5-9304-21068d2145cc        0.0
2023-07-01 07:00:03  ed871682-e111-4cf5-9304-21068d2145cc        0.0
2023-07-01 07:00:04  ed871682-e111-4cf5-9304-21068d2145cc        0.0
...                                                   ...        ...
2023-07-01 19:59:55  ed871682-e111-4cf5-9304-21068d2145cc        0.0
2023-07-01 19:59:56  ed871682-e111-4cf5-9304-21068d2145cc        0.0
2023-07-01 19:59:57  ed871682-e111-4cf5-9304-21068d2145cc        0.0
2023-07-01 19:59:58  ed871682-e111-4cf5-9304-21068d2145cc        0.0
2023-07-01 19:59:59  ed871682-e111-4cf5-9304-21068d2145cc        0.0

[46790 rows x 2 columns]
v3.py 261 2023-09-25 16:43:38,277 INFO Fremdgeräusch-Mittelung Timestamp
2023-07-01 07:00:00    52.764543
2023-07-01 07:05:00    52.676580
2023-07-01 07:10:00    52.036590
2023-07-01 07:15:00    52.108599
2023-07-01 07:20:00    51.768703
                         ...    
2023-07-01 19:35:00    55.141141
2023-07-01 19:40:00    55.128971
2023-07-01 19:45:00    55.111347
2023-07-01 19:50:00    55.110114
2023-07-01 19:55:00    55.105912
Freq: 5T, Name: R1_LAFeq, Length: 156, dtype: float64
v3.py 252 2023-09-25 16:43:38,283 INFO Fremdgeräusch-Beurteilungspegel Timestamp
2023-07-01 07:00:00    30.380961
2023-07-01 07:05:00    32.392963
2023-07-01 07:10:00    34.782967
2023-07-01 07:15:00    35.472290
2023-07-01 07:20:00    36.829887
                         ...    
2023-07-01 19:35:00    55.013728
2023-07-01 19:40:00    55.023829
2023-07-01 19:45:00    55.047929
2023-07-01 19:50:00    55.073355
2023-07-01 19:55:00    55.099206
Freq: 5T, Name: R1_LAFeq, Length: 156, dtype: float64
v3.py 309 2023-09-25 16:43:38,285 INFO Vorhandene Messwerte: 46790
v3.py 310 2023-09-25 16:43:38,285 INFO Messwerte von Baustelle: 563
v3.py 162 2023-09-25 16:43:38,309 INFO Beurteilungspegel Lärm von Baustelle Timestamp
2023-07-01 07:00:00         -inf
2023-07-01 07:05:00         -inf
2023-07-01 07:10:00         -inf
2023-07-01 07:15:00         -inf
2023-07-01 07:20:00         -inf
                         ...    
2023-07-01 19:35:00    45.684050
2023-07-01 19:40:00    45.689046
2023-07-01 19:45:00    45.692933
2023-07-01 19:50:00    45.695738
2023-07-01 19:55:00    45.699185
Freq: 300S, Name: lr_mp_1, Length: 156, dtype: float64
azure.py 57 2023-09-25 16:43:39,981 INFO                      E2_estimated_1  E2_estimated_2
Timestamp                                          
2023-07-01 07:00:00            45.7            48.2
2023-07-01 07:00:01            48.1            51.2
2023-07-01 07:00:02            50.6            53.8
2023-07-01 07:00:03            52.0            58.8
2023-07-01 07:00:04            54.1            60.9
...                             ...             ...
2023-07-01 19:59:55            49.2            55.2
2023-07-01 19:59:56            44.9            52.0
2023-07-01 19:59:57            44.7            51.0
2023-07-01 19:59:58            44.9            49.6
2023-07-01 19:59:59            45.3            48.1

[46790 rows x 2 columns]
azure.py 90 2023-09-25 16:43:39,997 INFO select lafeq, lcfeq, lafmax, time from "dauerauswertung_resu" where messpunkt_id = '965157eb-ab17-496f-879a-55ce924f6252'::uuid and time >= '2023-07-01 07:00:00+02:00' and time < '2023-07-01 20:00:00+02:00' ORDER BY TIME
v3.py 289 2023-09-25 16:43:44,463 INFO Messdaten: f                     R2_LAFeq  R2_LCFeq  R2_LAFmax  E2_estimated_1  E2_estimated_2
Timestamp                                                                         
2023-07-01 07:00:00      50.3      53.8       51.4            45.7            48.2
2023-07-01 07:00:01      53.1      56.5       54.4            48.1            51.2
2023-07-01 07:00:02      55.6      57.9       58.1            50.6            53.8
2023-07-01 07:00:03      59.7      61.4       61.2            52.0            58.8
2023-07-01 07:00:04      61.8      62.9       62.3            54.1            60.9
...                       ...       ...        ...             ...             ...
2023-07-01 19:59:55      56.2      59.0       57.3            49.2            55.2
2023-07-01 19:59:56      52.8      57.8       54.2            44.9            52.0
2023-07-01 19:59:57      51.9      57.2       52.8            44.7            51.0
2023-07-01 19:59:58      51.0      56.5       51.6            44.9            49.6
2023-07-01 19:59:59      50.0      56.7       50.6            45.3            48.1

[46790 rows x 5 columns]
v3.py 40 2023-09-25 16:43:44,470 INFO Hohe Fremdgeräusche an MP 2
v3.py 41 2023-09-25 16:43:44,471 INFO Timestamp
2023-07-01 07:00:00    True
2023-07-01 07:00:01    True
2023-07-01 07:00:02    True
2023-07-01 07:00:03    True
2023-07-01 07:00:04    True
                       ... 
2023-07-01 19:59:55    True
2023-07-01 19:59:56    True
2023-07-01 19:59:57    True
2023-07-01 19:59:58    True
2023-07-01 19:59:59    True
Length: 46790, dtype: bool
v3.py 44 2023-09-25 16:43:44,479 INFO Anzahl Sekunden mit hohem Fremdpegel Timestamp
2023-07-01 07:00:00    True
2023-07-01 07:00:01    True
2023-07-01 07:00:02    True
2023-07-01 07:00:03    True
2023-07-01 07:00:04    True
                       ... 
2023-07-01 19:59:55    True
2023-07-01 19:59:56    True
2023-07-01 19:59:57    True
2023-07-01 19:59:58    True
2023-07-01 19:59:59    True
Length: 26291, dtype: bool
v3.py 294 2023-09-25 16:43:44,525 INFO Zuordnung Baustelle / Nicht-Baustelle                      R2_LAFeq  R2_LCFeq  R2_LAFmax  E2_estimated_1  E2_estimated_2
Timestamp                                                                         
2023-07-01 07:00:07      58.4      60.0       59.6            57.1            52.0
2023-07-01 07:00:08      54.8      57.0       55.9            54.1            45.7
2023-07-01 07:00:09      54.8      57.4       55.6            53.7            47.2
2023-07-01 07:00:10      51.7      55.8       53.0            50.7            43.8
2023-07-01 07:00:11      50.3      54.4       50.7            49.1            43.2
...                       ...       ...        ...             ...             ...
2023-07-01 19:59:37      61.7      72.2       62.1            59.4            57.6
2023-07-01 19:59:38      61.7      71.2       62.3            58.8            58.4
2023-07-01 19:59:48      57.2      62.6       58.0            55.8            50.9
2023-07-01 19:59:49      58.1      62.5       58.4            56.3            53.0
2023-07-01 19:59:50      59.9      63.9       60.7            57.5            55.6

[20499 rows x 5 columns],                                               filtered_by  messpunkt
Timestamp                                                           
2023-07-01 07:00:00  ed871682-e111-4cf5-9304-21068d2145cc        0.0
2023-07-01 07:00:01  ed871682-e111-4cf5-9304-21068d2145cc        0.0
2023-07-01 07:00:02  ed871682-e111-4cf5-9304-21068d2145cc        0.0
2023-07-01 07:00:03  ed871682-e111-4cf5-9304-21068d2145cc        0.0
2023-07-01 07:00:04  ed871682-e111-4cf5-9304-21068d2145cc        0.0
...                                                   ...        ...
2023-07-01 19:59:55  ed871682-e111-4cf5-9304-21068d2145cc        0.0
2023-07-01 19:59:56  ed871682-e111-4cf5-9304-21068d2145cc        0.0
2023-07-01 19:59:57  ed871682-e111-4cf5-9304-21068d2145cc        0.0
2023-07-01 19:59:58  ed871682-e111-4cf5-9304-21068d2145cc        0.0
2023-07-01 19:59:59  ed871682-e111-4cf5-9304-21068d2145cc        0.0

[46790 rows x 2 columns]
v3.py 261 2023-09-25 16:43:44,546 INFO Fremdgeräusch-Mittelung Timestamp
2023-07-01 07:00:00    61.434012
2023-07-01 07:05:00    61.089451
2023-07-01 07:10:00    58.771633
2023-07-01 07:15:00    57.858829
2023-07-01 07:20:00    57.235621
                         ...    
2023-07-01 19:35:00    60.711760
2023-07-01 19:40:00    60.701577
2023-07-01 19:45:00    60.688303
2023-07-01 19:50:00    60.685423
2023-07-01 19:55:00    60.674024
Freq: 5T, Name: R2_LAFeq, Length: 156, dtype: float64
v3.py 252 2023-09-25 16:43:44,563 INFO Fremdgeräusch-Beurteilungspegel Timestamp
2023-07-01 07:00:00    37.134345
2023-07-01 07:05:00    39.314918
2023-07-01 07:10:00    40.615004
2023-07-01 07:15:00    41.283538
2023-07-01 07:20:00    42.204424
                         ...    
2023-07-01 19:35:00    60.591081
2023-07-01 19:40:00    60.604954
2023-07-01 19:45:00    60.626466
2023-07-01 19:50:00    60.643426
2023-07-01 19:55:00    60.665638
Freq: 5T, Name: R2_LAFeq, Length: 156, dtype: float64
v3.py 309 2023-09-25 16:43:44,570 INFO Vorhandene Messwerte: 46790
v3.py 310 2023-09-25 16:43:44,572 INFO Messwerte von Baustelle: 20499
v3.py 162 2023-09-25 16:43:44,584 INFO Beurteilungspegel Lärm von Baustelle Timestamp
2023-07-01 07:00:00         -inf
2023-07-01 07:05:00    28.991767
2023-07-01 07:10:00    30.136334
2023-07-01 07:15:00    30.480441
2023-07-01 07:20:00    31.006164
                         ...    
2023-07-01 19:35:00    50.398674
2023-07-01 19:40:00    50.423876
2023-07-01 19:45:00    50.454876
2023-07-01 19:50:00    50.469381
2023-07-01 19:55:00    50.500208
Freq: 300S, Name: lr_mp_2, Length: 156, dtype: float64
azure.py 57 2023-09-25 16:43:46,464 INFO                      E3_estimated_1  E3_estimated_2
Timestamp                                          
2023-07-01 07:00:00            51.4            59.5
2023-07-01 07:00:01            55.3            52.6
2023-07-01 07:00:02            54.6            52.0
2023-07-01 07:00:03            55.3            48.5
2023-07-01 07:00:04            52.6            46.6
...                             ...             ...
2023-07-01 19:59:55            41.5            44.7
2023-07-01 19:59:56            40.6            44.7
2023-07-01 19:59:57            41.2            43.3
2023-07-01 19:59:58            41.5            43.9
2023-07-01 19:59:59            41.9            44.3

[46800 rows x 2 columns]
azure.py 90 2023-09-25 16:43:46,482 INFO select lafeq, lcfeq, lafmax, time from "dauerauswertung_resu" where messpunkt_id = 'd0aa76cf-36e8-43d1-bb62-ff9cc2c275c0'::uuid and time >= '2023-07-01 07:00:00+02:00' and time < '2023-07-01 20:00:00+02:00' ORDER BY TIME
v3.py 289 2023-09-25 16:43:52,719 INFO Messdaten: f                     R3_LAFeq  R3_LCFeq  R3_LAFmax  E3_estimated_1  E3_estimated_2
Timestamp                                                                         
2023-07-01 07:00:00      60.1      61.8       61.0            51.4            59.5
2023-07-01 07:00:01      57.3      59.8       58.5            55.3            52.6
2023-07-01 07:00:02      56.8      58.6       58.5            54.6            52.0
2023-07-01 07:00:03      56.4      58.7       58.3            55.3            48.5
2023-07-01 07:00:04      54.0      56.5       55.0            52.6            46.6
...                       ...       ...        ...             ...             ...
2023-07-01 19:59:55      46.7      56.5       47.3            41.5            44.7
2023-07-01 19:59:56      46.4      61.4       47.1            40.6            44.7
2023-07-01 19:59:57      45.7      56.4       46.8            41.2            43.3
2023-07-01 19:59:58      46.2      56.9       46.6            41.5            43.9
2023-07-01 19:59:59      46.6      54.6       52.8            41.9            44.3

[46800 rows x 5 columns]
v3.py 40 2023-09-25 16:43:52,733 INFO Hohe Fremdgeräusche an MP 3
v3.py 41 2023-09-25 16:43:52,735 INFO Timestamp
2023-07-01 07:00:00     True
2023-07-01 07:00:01    False
2023-07-01 07:00:02    False
2023-07-01 07:00:03    False
2023-07-01 07:00:04    False
                       ...  
2023-07-01 19:59:55     True
2023-07-01 19:59:56     True
2023-07-01 19:59:57     True
2023-07-01 19:59:58     True
2023-07-01 19:59:59     True
Length: 46800, dtype: bool
v3.py 44 2023-09-25 16:43:52,758 INFO Anzahl Sekunden mit hohem Fremdpegel Timestamp
2023-07-01 07:00:00    True
2023-07-01 07:00:07    True
2023-07-01 07:00:08    True
2023-07-01 07:00:09    True
2023-07-01 07:00:10    True
                       ... 
2023-07-01 19:59:55    True
2023-07-01 19:59:56    True
2023-07-01 19:59:57    True
2023-07-01 19:59:58    True
2023-07-01 19:59:59    True
Length: 40300, dtype: bool
v3.py 294 2023-09-25 16:43:52,816 INFO Zuordnung Baustelle / Nicht-Baustelle                      R3_LAFeq  R3_LCFeq  R3_LAFmax  E3_estimated_1  E3_estimated_2
Timestamp                                                                         
2023-07-01 07:00:01      57.3      59.8       58.5            55.3            52.6
2023-07-01 07:00:02      56.8      58.6       58.5            54.6            52.0
2023-07-01 07:00:03      56.4      58.7       58.3            55.3            48.5
2023-07-01 07:00:04      54.0      56.5       55.0            52.6            46.6
2023-07-01 07:00:05      56.4      58.4       58.1            53.5            52.4
...                       ...       ...        ...             ...             ...
2023-07-01 19:59:34      61.9      66.6       62.6            60.8            54.6
2023-07-01 19:59:44      58.6      64.3       59.8            56.2            53.6
2023-07-01 19:59:45      56.0      65.3       57.2            53.8            50.8
2023-07-01 19:59:49      51.6      56.2       52.0            48.7            47.5
2023-07-01 19:59:50      51.6      57.2       52.6            49.0            47.1

[6500 rows x 5 columns],                                               filtered_by  messpunkt
Timestamp                                                           
2023-07-01 07:00:00  ed871682-e111-4cf5-9304-21068d2145cc        0.0
2023-07-01 07:00:01                                   NaN        NaN
2023-07-01 07:00:02                                   NaN        NaN
2023-07-01 07:00:03                                   NaN        NaN
2023-07-01 07:00:04                                   NaN        NaN
...                                                   ...        ...
2023-07-01 19:59:55  ed871682-e111-4cf5-9304-21068d2145cc        0.0
2023-07-01 19:59:56  ed871682-e111-4cf5-9304-21068d2145cc        0.0
2023-07-01 19:59:57  ed871682-e111-4cf5-9304-21068d2145cc        0.0
2023-07-01 19:59:58  ed871682-e111-4cf5-9304-21068d2145cc        0.0
2023-07-01 19:59:59  ed871682-e111-4cf5-9304-21068d2145cc        0.0

[46800 rows x 2 columns]
v3.py 261 2023-09-25 16:43:52,838 INFO Fremdgeräusch-Mittelung Timestamp
2023-07-01 07:00:00    62.233392
2023-07-01 07:05:00    60.713635
2023-07-01 07:10:00    58.845108
2023-07-01 07:15:00    56.794576
2023-07-01 07:20:00    56.120720
                         ...    
2023-07-01 19:35:00    60.508531
2023-07-01 19:40:00    60.510081
2023-07-01 19:45:00    60.499273
2023-07-01 19:50:00    60.503749
2023-07-01 19:55:00    60.505261
Freq: 5T, Name: R3_LAFeq, Length: 156, dtype: float64
v3.py 252 2023-09-25 16:43:52,853 INFO Fremdgeräusch-Beurteilungspegel Timestamp
2023-07-01 07:00:00    35.990177
2023-07-01 07:05:00    39.044582
2023-07-01 07:10:00    39.241297
2023-07-01 07:15:00    39.795612
2023-07-01 07:20:00    41.112541
                         ...    
2023-07-01 19:35:00    60.388259
2023-07-01 19:40:00    60.410971
2023-07-01 19:45:00    60.436728
2023-07-01 19:50:00    60.475104
2023-07-01 19:55:00    60.504091
Freq: 5T, Name: R3_LAFeq, Length: 156, dtype: float64
v3.py 309 2023-09-25 16:43:52,860 INFO Vorhandene Messwerte: 46800
v3.py 310 2023-09-25 16:43:52,861 INFO Messwerte von Baustelle: 6500
v3.py 162 2023-09-25 16:43:52,876 INFO Beurteilungspegel Lärm von Baustelle Timestamp
2023-07-01 07:00:00         -inf
2023-07-01 07:05:00    36.243279
2023-07-01 07:10:00    36.380007
2023-07-01 07:15:00    36.421520
2023-07-01 07:20:00    36.471771
                         ...    
2023-07-01 19:35:00    50.513190
2023-07-01 19:40:00    50.534856
2023-07-01 19:45:00    50.556522
2023-07-01 19:50:00    50.569250
2023-07-01 19:55:00    50.585795
Freq: 300S, Name: lr_mp_3, Length: 156, dtype: float64
azure.py 57 2023-09-25 16:43:54,874 INFO                      E4_estimated_1  E4_estimated_2
Timestamp                                          
2023-07-01 07:00:00            42.6            42.5
2023-07-01 07:00:01            43.7            42.6
2023-07-01 07:00:02            43.0            42.5
2023-07-01 07:00:03            44.5            43.9
2023-07-01 07:00:04            44.5            44.7
...                             ...             ...
2023-07-01 19:59:55            38.7            37.0
2023-07-01 19:59:56            38.7            37.2
2023-07-01 19:59:57            39.0            37.5
2023-07-01 19:59:58            40.1            39.4
2023-07-01 19:59:59            39.4            38.7

[43190 rows x 2 columns]
azure.py 90 2023-09-25 16:43:54,893 INFO select lafeq, lcfeq, lafmax, time from "dauerauswertung_resu" where messpunkt_id = 'ab4e7e2d-8c39-48c2-b80c-b80f6b619657'::uuid and time >= '2023-07-01 07:00:00+02:00' and time < '2023-07-01 20:00:00+02:00' ORDER BY TIME
v3.py 289 2023-09-25 16:43:59,830 INFO Messdaten: f                     R4_LAFeq  R4_LCFeq  R4_LAFmax  E4_estimated_1  E4_estimated_2
Timestamp                                                                         
2023-07-01 07:00:00      45.8      53.7       46.4            42.6            42.5
2023-07-01 07:00:01      46.5      54.5       47.8            43.7            42.6
2023-07-01 07:00:02      46.0      54.5       46.6            43.0            42.5
2023-07-01 07:00:03      47.5      54.1       49.0            44.5            43.9
2023-07-01 07:00:04      47.9      54.5       48.7            44.5            44.7
...                       ...       ...        ...             ...             ...
2023-07-01 19:59:55      41.3      50.8       41.9            38.7            37.0
2023-07-01 19:59:56      41.4      50.6       42.2            38.7            37.2
2023-07-01 19:59:57      41.6      49.8       42.1            39.0            37.5
2023-07-01 19:59:58      43.1      49.7       44.6            40.1            39.4
2023-07-01 19:59:59      42.5      51.0       44.0            39.4            38.7

[43190 rows x 5 columns]
v3.py 40 2023-09-25 16:43:59,836 INFO Hohe Fremdgeräusche an MP 4
v3.py 41 2023-09-25 16:43:59,837 INFO Timestamp
2023-07-01 07:00:00     True
2023-07-01 07:00:01    False
2023-07-01 07:00:02     True
2023-07-01 07:00:03     True
2023-07-01 07:00:04     True
                       ...  
2023-07-01 19:59:55    False
2023-07-01 19:59:56    False
2023-07-01 19:59:57    False
2023-07-01 19:59:58     True
2023-07-01 19:59:59     True
Length: 43190, dtype: bool
v3.py 44 2023-09-25 16:43:59,849 INFO Anzahl Sekunden mit hohem Fremdpegel Timestamp
2023-07-01 07:00:00    True
2023-07-01 07:00:02    True
2023-07-01 07:00:03    True
2023-07-01 07:00:04    True
2023-07-01 07:00:05    True
                       ... 
2023-07-01 19:59:49    True
2023-07-01 19:59:50    True
2023-07-01 19:59:52    True
2023-07-01 19:59:58    True
2023-07-01 19:59:59    True
Length: 32561, dtype: bool
v3.py 294 2023-09-25 16:43:59,890 INFO Zuordnung Baustelle / Nicht-Baustelle                      R4_LAFeq  R4_LCFeq  R4_LAFmax  E4_estimated_1  E4_estimated_2
Timestamp                                                                         
2023-07-01 07:00:01      46.5      54.5       47.8            43.7            42.6
2023-07-01 07:00:06      48.0      54.2       49.1            45.4            43.7
2023-07-01 07:00:11      47.7      54.7       49.1            44.9            43.9
2023-07-01 07:00:15      46.5      56.7       47.2            43.6            42.8
2023-07-01 07:00:18      45.9      56.8       46.7            43.1            42.1
...                       ...       ...        ...             ...             ...
2023-07-01 19:59:53      41.5      50.4       42.1            38.8            37.4
2023-07-01 19:59:54      41.4      50.5       41.9            38.5            37.6
2023-07-01 19:59:55      41.3      50.8       41.9            38.7            37.0
2023-07-01 19:59:56      41.4      50.6       42.2            38.7            37.2
2023-07-01 19:59:57      41.6      49.8       42.1            39.0            37.5

[10629 rows x 5 columns],                                               filtered_by  messpunkt
Timestamp                                                           
2023-07-01 07:00:00  ed871682-e111-4cf5-9304-21068d2145cc        0.0
2023-07-01 07:00:01                                   NaN        NaN
2023-07-01 07:00:02  ed871682-e111-4cf5-9304-21068d2145cc        0.0
2023-07-01 07:00:03  ed871682-e111-4cf5-9304-21068d2145cc        0.0
2023-07-01 07:00:04  ed871682-e111-4cf5-9304-21068d2145cc        0.0
...                                                   ...        ...
2023-07-01 19:59:55                                   NaN        NaN
2023-07-01 19:59:56                                   NaN        NaN
2023-07-01 19:59:57                                   NaN        NaN
2023-07-01 19:59:58  ed871682-e111-4cf5-9304-21068d2145cc        0.0
2023-07-01 19:59:59  ed871682-e111-4cf5-9304-21068d2145cc        0.0

[43190 rows x 2 columns]
v3.py 261 2023-09-25 16:43:59,906 INFO Fremdgeräusch-Mittelung Timestamp
2023-07-01 07:00:00    53.354282
2023-07-01 07:05:00    53.110067
2023-07-01 07:10:00    51.544145
2023-07-01 07:15:00    52.580845
2023-07-01 07:20:00    52.844690
                         ...    
2023-07-01 19:35:00    54.800203
2023-07-01 19:40:00    54.813953
2023-07-01 19:45:00    54.811051
2023-07-01 19:50:00    54.804582
2023-07-01 19:55:00    54.828920
Freq: 5T, Name: R4_LAFeq, Length: 156, dtype: float64
v3.py 252 2023-09-25 16:43:59,919 INFO Fremdgeräusch-Beurteilungspegel Timestamp
2023-07-01 07:00:00    31.117365
2023-07-01 07:05:00    32.079057
2023-07-01 07:10:00    34.382911
2023-07-01 07:15:00    36.897272
2023-07-01 07:20:00    37.722984
                         ...    
2023-07-01 19:35:00    54.651999
2023-07-01 19:40:00    54.704904
2023-07-01 19:45:00    54.735449
2023-07-01 19:50:00    54.759326
2023-07-01 19:55:00    54.827400
Freq: 5T, Name: R4_LAFeq, Length: 156, dtype: float64
v3.py 309 2023-09-25 16:43:59,923 INFO Vorhandene Messwerte: 43190
v3.py 310 2023-09-25 16:43:59,924 INFO Messwerte von Baustelle: 10629
v3.py 162 2023-09-25 16:43:59,937 INFO Beurteilungspegel Lärm von Baustelle Timestamp
2023-07-01 07:00:00         -inf
2023-07-01 07:05:00    23.420433
2023-07-01 07:10:00    24.715311
2023-07-01 07:15:00    26.210979
2023-07-01 07:20:00    26.382784
                         ...    
2023-07-01 19:35:00    48.140626
2023-07-01 19:40:00    48.143488
2023-07-01 19:45:00    48.153742
2023-07-01 19:50:00    48.156084
2023-07-01 19:55:00    48.163055
Freq: 300S, Name: lr_mp_4, Length: 156, dtype: float64
script_baulaerm.py 19 2023-09-25 16:44:23,411 INFO Script started
v3.py 268 2023-09-25 16:44:23,412 INFO Baulaerm-Auswertung von 2023-08-01 07:00:00 bis 2023-08-01 20:00:00
azure.py 57 2023-09-25 16:44:31,973 INFO                      E1_estimated_1  E1_estimated_2
Timestamp                                          
2023-08-01 07:00:00            40.3            45.5
2023-08-01 07:00:01            39.9            45.9
2023-08-01 07:00:02            39.8            45.5
2023-08-01 07:00:03            39.9            46.3
2023-08-01 07:00:04            41.4            45.1
...                             ...             ...
2023-08-01 19:59:55            34.7            42.4
2023-08-01 19:59:56            34.2            41.5
2023-08-01 19:59:57            37.0            41.4
2023-08-01 19:59:58            34.0            42.0
2023-08-01 19:59:59            35.5            41.6

[43190 rows x 2 columns]
azure.py 90 2023-09-25 16:44:31,993 INFO select lafeq, lcfeq, lafmax, time from "dauerauswertung_resu" where messpunkt_id = '16b2a784-8b6b-4b7e-9abf-fd2d5a8a0091'::uuid and time >= '2023-08-01 07:00:00+02:00' and time < '2023-08-01 20:00:00+02:00' ORDER BY TIME
v3.py 289 2023-09-25 16:44:35,808 INFO Messdaten: f                     R1_LAFeq  R1_LCFeq  R1_LAFmax  E1_estimated_1  E1_estimated_2
Timestamp                                                                         
2023-08-01 07:00:00      46.8      56.9       47.8            40.3            45.5
2023-08-01 07:00:01      47.0      56.5       47.5            39.9            45.9
2023-08-01 07:00:02      46.7      56.2       47.1            39.8            45.5
2023-08-01 07:00:03      47.3      57.4       47.8            39.9            46.3
2023-08-01 07:00:04      46.8      56.7       47.4            41.4            45.1
...                       ...       ...        ...             ...             ...
2023-08-01 19:59:55      43.1      50.8       43.6            34.7            42.4
2023-08-01 19:59:56      42.4      50.2       42.9            34.2            41.5
2023-08-01 19:59:57      42.8      50.7       43.5            37.0            41.4
2023-08-01 19:59:58      42.7      51.7       43.2            34.0            42.0
2023-08-01 19:59:59      42.7      52.0       43.2            35.5            41.6

[43190 rows x 5 columns]
v3.py 40 2023-09-25 16:44:35,818 INFO Hohe Fremdgeräusche an MP 1
v3.py 41 2023-09-25 16:44:35,819 INFO Timestamp
2023-08-01 07:00:00    True
2023-08-01 07:00:01    True
2023-08-01 07:00:02    True
2023-08-01 07:00:03    True
2023-08-01 07:00:04    True
                       ... 
2023-08-01 19:59:55    True
2023-08-01 19:59:56    True
2023-08-01 19:59:57    True
2023-08-01 19:59:58    True
2023-08-01 19:59:59    True
Length: 43190, dtype: bool
v3.py 44 2023-09-25 16:44:35,827 INFO Anzahl Sekunden mit hohem Fremdpegel Timestamp
2023-08-01 07:00:00    True
2023-08-01 07:00:01    True
2023-08-01 07:00:02    True
2023-08-01 07:00:03    True
2023-08-01 07:00:04    True
                       ... 
2023-08-01 19:59:55    True
2023-08-01 19:59:56    True
2023-08-01 19:59:57    True
2023-08-01 19:59:58    True
2023-08-01 19:59:59    True
Length: 42311, dtype: bool
v3.py 294 2023-09-25 16:44:35,882 INFO Zuordnung Baustelle / Nicht-Baustelle                      R1_LAFeq  R1_LCFeq  R1_LAFmax  E1_estimated_1  E1_estimated_2
Timestamp                                                                         
2023-08-01 07:03:22      49.9      60.9       50.6            48.2            44.6
2023-08-01 07:03:26      53.9      62.4       56.2            51.1            50.2
2023-08-01 07:19:03      47.4      58.7       47.7            45.1            43.1
2023-08-01 07:19:52      54.0      59.7       56.0            51.2            50.1
2023-08-01 07:35:39      52.3      65.2       52.6            49.5            48.7
...                       ...       ...        ...             ...             ...
2023-08-01 19:45:36      49.3      58.9       50.5            46.5            45.6
2023-08-01 19:45:40      53.8      61.6       54.5            51.6            49.4
2023-08-01 19:45:41      55.0      62.5       55.5            52.3            51.4
2023-08-01 19:45:42      55.8      63.4       56.4            53.4            51.6
2023-08-01 19:56:01      56.4      70.4       58.0            54.9            50.8

[879 rows x 5 columns],                                               filtered_by  messpunkt
Timestamp                                                           
2023-08-01 07:00:00  ed871682-e111-4cf5-9304-21068d2145cc        0.0
2023-08-01 07:00:01  ed871682-e111-4cf5-9304-21068d2145cc        0.0
2023-08-01 07:00:02  ed871682-e111-4cf5-9304-21068d2145cc        0.0
2023-08-01 07:00:03  ed871682-e111-4cf5-9304-21068d2145cc        0.0
2023-08-01 07:00:04  ed871682-e111-4cf5-9304-21068d2145cc        0.0
...                                                   ...        ...
2023-08-01 19:59:55  ed871682-e111-4cf5-9304-21068d2145cc        0.0
2023-08-01 19:59:56  ed871682-e111-4cf5-9304-21068d2145cc        0.0
2023-08-01 19:59:57  ed871682-e111-4cf5-9304-21068d2145cc        0.0
2023-08-01 19:59:58  ed871682-e111-4cf5-9304-21068d2145cc        0.0
2023-08-01 19:59:59  ed871682-e111-4cf5-9304-21068d2145cc        0.0

[43190 rows x 2 columns]
v3.py 261 2023-09-25 16:44:35,905 INFO Fremdgeräusch-Mittelung Timestamp
2023-08-01 07:00:00    64.944775
2023-08-01 07:05:00    70.171718
2023-08-01 07:10:00    68.716068
2023-08-01 07:15:00    67.527096
2023-08-01 07:20:00    66.464323
                         ...    
2023-08-01 19:35:00    60.650700
2023-08-01 19:40:00    60.637237
2023-08-01 19:45:00    60.621920
2023-08-01 19:50:00    60.604055
2023-08-01 19:55:00    60.577134
Freq: 5T, Name: R1_LAFeq, Length: 156, dtype: float64
v3.py 252 2023-09-25 16:44:35,918 INFO Fremdgeräusch-Beurteilungspegel Timestamp
2023-08-01 07:00:00    43.422405
2023-08-01 07:05:00    50.223719
2023-08-01 07:10:00    50.800071
2023-08-01 07:15:00    50.979241
2023-08-01 07:20:00    51.194496
                         ...    
2023-08-01 19:35:00    60.513232
2023-08-01 19:40:00    60.520107
2023-08-01 19:45:00    60.542233
2023-08-01 19:50:00    60.546434
2023-08-01 19:55:00    60.554594
Freq: 5T, Name: R1_LAFeq, Length: 156, dtype: float64
v3.py 309 2023-09-25 16:44:35,924 INFO Vorhandene Messwerte: 43190
v3.py 310 2023-09-25 16:44:35,924 INFO Messwerte von Baustelle: 879
v3.py 162 2023-09-25 16:44:35,936 INFO Beurteilungspegel Lärm von Baustelle Timestamp
2023-08-01 07:00:00         -inf
2023-08-01 07:05:00         -inf
2023-08-01 07:10:00         -inf
2023-08-01 07:15:00         -inf
2023-08-01 07:20:00         -inf
                         ...    
2023-08-01 19:35:00    55.020623
2023-08-01 19:40:00    55.020623
2023-08-01 19:45:00    55.020623
2023-08-01 19:50:00    55.024352
2023-08-01 19:55:00    55.024352
Freq: 300S, Name: lr_mp_1, Length: 156, dtype: float64
azure.py 57 2023-09-25 16:44:37,734 INFO                      E2_estimated_1  E2_estimated_2
Timestamp                                          
2023-08-01 07:00:00            53.3            59.6
2023-08-01 07:00:01            56.5            61.2
2023-08-01 07:00:02            54.9            62.5
2023-08-01 07:00:03            56.6            62.7
2023-08-01 07:00:04            57.8            60.9
...                             ...             ...
2023-08-01 19:59:55            41.0            43.5
2023-08-01 19:59:56            41.9            43.2
2023-08-01 19:59:57            42.1            43.5
2023-08-01 19:59:58            43.2            45.0
2023-08-01 19:59:59            43.2            45.2

[46790 rows x 2 columns]
azure.py 90 2023-09-25 16:44:37,753 INFO select lafeq, lcfeq, lafmax, time from "dauerauswertung_resu" where messpunkt_id = '965157eb-ab17-496f-879a-55ce924f6252'::uuid and time >= '2023-08-01 07:00:00+02:00' and time < '2023-08-01 20:00:00+02:00' ORDER BY TIME
v3.py 289 2023-09-25 16:44:41,565 INFO Messdaten: f                     R2_LAFeq  R2_LCFeq  R2_LAFmax  E2_estimated_1  E2_estimated_2
Timestamp                                                                         
2023-08-01 07:00:00      60.6      64.8       61.4            53.3            59.6
2023-08-01 07:00:01      62.5      67.2       63.3            56.5            61.2
2023-08-01 07:00:02      63.2      69.0       63.8            54.9            62.5
2023-08-01 07:00:03      63.7      69.6       64.4            56.6            62.7
2023-08-01 07:00:04      62.7      68.2       63.2            57.8            60.9
...                       ...       ...        ...             ...             ...
2023-08-01 19:59:55      45.6      52.5       46.0            41.0            43.5
2023-08-01 19:59:56      45.8      53.0       46.3            41.9            43.2
2023-08-01 19:59:57      46.0      51.8       46.8            42.1            43.5
2023-08-01 19:59:58      47.3      52.7       47.8            43.2            45.0
2023-08-01 19:59:59      47.5      52.8       48.4            43.2            45.2

[46790 rows x 5 columns]
v3.py 40 2023-09-25 16:44:41,576 INFO Hohe Fremdgeräusche an MP 2
v3.py 41 2023-09-25 16:44:41,576 INFO Timestamp
2023-08-01 07:00:00    True
2023-08-01 07:00:01    True
2023-08-01 07:00:02    True
2023-08-01 07:00:03    True
2023-08-01 07:00:04    True
                       ... 
2023-08-01 19:59:55    True
2023-08-01 19:59:56    True
2023-08-01 19:59:57    True
2023-08-01 19:59:58    True
2023-08-01 19:59:59    True
Length: 46790, dtype: bool
v3.py 44 2023-09-25 16:44:41,585 INFO Anzahl Sekunden mit hohem Fremdpegel Timestamp
2023-08-01 07:00:00    True
2023-08-01 07:00:01    True
2023-08-01 07:00:02    True
2023-08-01 07:00:03    True
2023-08-01 07:00:04    True
                       ... 
2023-08-01 19:59:55    True
2023-08-01 19:59:56    True
2023-08-01 19:59:57    True
2023-08-01 19:59:58    True
2023-08-01 19:59:59    True
Length: 21949, dtype: bool
v3.py 294 2023-09-25 16:44:41,620 INFO Zuordnung Baustelle / Nicht-Baustelle                      R2_LAFeq  R2_LCFeq  R2_LAFmax  E2_estimated_1  E2_estimated_2
Timestamp                                                                         
2023-08-01 07:00:05      60.6      68.3       61.8            58.8            55.5
2023-08-01 07:00:06      58.3      64.2       59.4            57.3            50.5
2023-08-01 07:00:07      58.0      64.6       59.4            56.5            51.8
2023-08-01 07:00:13      63.1      71.7       64.6            61.2            58.3
2023-08-01 07:00:14      63.7      74.9       64.9            62.3            57.8
...                       ...       ...        ...             ...             ...
2023-08-01 19:59:46      54.8      59.6       56.5            53.9            46.9
2023-08-01 19:59:47      52.7      60.1       53.6            51.5            45.6
2023-08-01 19:59:48      53.3      59.7       54.9            51.9            47.1
2023-08-01 19:59:49      53.3      57.1       54.9            52.2            46.1
2023-08-01 19:59:50      49.4      55.3       51.0            48.4            41.8

[24841 rows x 5 columns],                                               filtered_by  messpunkt
Timestamp                                                           
2023-08-01 07:00:00  ed871682-e111-4cf5-9304-21068d2145cc        0.0
2023-08-01 07:00:01  ed871682-e111-4cf5-9304-21068d2145cc        0.0
2023-08-01 07:00:02  ed871682-e111-4cf5-9304-21068d2145cc        0.0
2023-08-01 07:00:03  ed871682-e111-4cf5-9304-21068d2145cc        0.0
2023-08-01 07:00:04  ed871682-e111-4cf5-9304-21068d2145cc        0.0
...                                                   ...        ...
2023-08-01 19:59:55  ed871682-e111-4cf5-9304-21068d2145cc        0.0
2023-08-01 19:59:56  ed871682-e111-4cf5-9304-21068d2145cc        0.0
2023-08-01 19:59:57  ed871682-e111-4cf5-9304-21068d2145cc        0.0
2023-08-01 19:59:58  ed871682-e111-4cf5-9304-21068d2145cc        0.0
2023-08-01 19:59:59  ed871682-e111-4cf5-9304-21068d2145cc        0.0

[46790 rows x 2 columns]
v3.py 261 2023-09-25 16:44:41,650 INFO Fremdgeräusch-Mittelung Timestamp
2023-08-01 07:00:00    63.653862
2023-08-01 07:05:00    66.655479
2023-08-01 07:10:00    65.944093
2023-08-01 07:15:00    65.292750
2023-08-01 07:20:00    64.786522
                         ...    
2023-08-01 19:35:00    68.083159
2023-08-01 19:40:00    68.051796
2023-08-01 19:45:00    68.014965
2023-08-01 19:50:00    67.989547
2023-08-01 19:55:00    67.948411
Freq: 5T, Name: R2_LAFeq, Length: 156, dtype: float64
v3.py 252 2023-09-25 16:44:41,664 INFO Fremdgeräusch-Beurteilungspegel Timestamp
2023-08-01 07:00:00    39.560910
2023-08-01 07:05:00    46.204945
2023-08-01 07:10:00    48.670595
2023-08-01 07:15:00    49.236963
2023-08-01 07:20:00    50.109902
                         ...    
2023-08-01 19:35:00    67.884792
2023-08-01 19:40:00    67.890573
2023-08-01 19:45:00    67.903393
2023-08-01 19:50:00    67.906454
2023-08-01 19:55:00    67.911084
Freq: 5T, Name: R2_LAFeq, Length: 156, dtype: float64
v3.py 309 2023-09-25 16:44:41,671 INFO Vorhandene Messwerte: 46790
v3.py 310 2023-09-25 16:44:41,672 INFO Messwerte von Baustelle: 24841
v3.py 162 2023-09-25 16:44:41,685 INFO Beurteilungspegel Lärm von Baustelle Timestamp
2023-08-01 07:00:00         -inf
2023-08-01 07:05:00    31.125024
2023-08-01 07:10:00    33.362522
2023-08-01 07:15:00    34.827105
2023-08-01 07:20:00    36.357526
                         ...    
2023-08-01 19:35:00    58.156161
2023-08-01 19:40:00    58.159431
2023-08-01 19:45:00    58.162903
2023-08-01 19:50:00    58.170762
2023-08-01 19:55:00    58.172681
Freq: 300S, Name: lr_mp_2, Length: 156, dtype: float64
azure.py 57 2023-09-25 16:44:43,428 INFO                      E3_estimated_1  E3_estimated_2
Timestamp                                          
2023-08-01 07:00:00            44.6            49.0
2023-08-01 07:00:01            44.4            48.0
2023-08-01 07:00:02            48.0            52.1
2023-08-01 07:00:03            46.9            49.5
2023-08-01 07:00:04            46.5            52.0
...                             ...             ...
2023-08-01 19:59:55            54.2            64.9
2023-08-01 19:59:56            53.8            66.0
2023-08-01 19:59:57            56.0            60.7
2023-08-01 19:59:58            59.9            55.5
2023-08-01 19:59:59            56.0            52.2

[46800 rows x 2 columns]
azure.py 90 2023-09-25 16:44:43,445 INFO select lafeq, lcfeq, lafmax, time from "dauerauswertung_resu" where messpunkt_id = 'd0aa76cf-36e8-43d1-bb62-ff9cc2c275c0'::uuid and time >= '2023-08-01 07:00:00+02:00' and time < '2023-08-01 20:00:00+02:00' ORDER BY TIME
v3.py 289 2023-09-25 16:44:47,748 INFO Messdaten: f                     R3_LAFeq  R3_LCFeq  R3_LAFmax  E3_estimated_1  E3_estimated_2
Timestamp                                                                         
2023-08-01 07:00:00      50.5      60.6       51.0            44.6            49.0
2023-08-01 07:00:01      49.7      60.6       50.3            44.4            48.0
2023-08-01 07:00:02      53.6      60.6       54.9            48.0            52.1
2023-08-01 07:00:03      51.5      61.5       52.2            46.9            49.5
2023-08-01 07:00:04      53.2      61.9       55.4            46.5            52.0
...                       ...       ...        ...             ...             ...
2023-08-01 19:59:55      65.3      68.6       67.2            54.2            64.9
2023-08-01 19:59:56      66.3      69.0       67.3            53.8            66.0
2023-08-01 19:59:57      62.0      65.1       64.2            56.0            60.7
2023-08-01 19:59:58      61.4      64.3       64.3            59.9            55.5
2023-08-01 19:59:59      57.8      61.1       59.1            56.0            52.2

[46800 rows x 5 columns]
v3.py 40 2023-09-25 16:44:47,759 INFO Hohe Fremdgeräusche an MP 3
v3.py 41 2023-09-25 16:44:47,759 INFO Timestamp
2023-08-01 07:00:00     True
2023-08-01 07:00:01     True
2023-08-01 07:00:02     True
2023-08-01 07:00:03     True
2023-08-01 07:00:04     True
                       ...  
2023-08-01 19:59:55     True
2023-08-01 19:59:56     True
2023-08-01 19:59:57     True
2023-08-01 19:59:58    False
2023-08-01 19:59:59    False
Length: 46800, dtype: bool
v3.py 44 2023-09-25 16:44:47,768 INFO Anzahl Sekunden mit hohem Fremdpegel Timestamp
2023-08-01 07:00:00    True
2023-08-01 07:00:01    True
2023-08-01 07:00:02    True
2023-08-01 07:00:03    True
2023-08-01 07:00:04    True
                       ... 
2023-08-01 19:59:53    True
2023-08-01 19:59:54    True
2023-08-01 19:59:55    True
2023-08-01 19:59:56    True
2023-08-01 19:59:57    True
Length: 42631, dtype: bool
v3.py 294 2023-09-25 16:44:47,811 INFO Zuordnung Baustelle / Nicht-Baustelle                      R3_LAFeq  R3_LCFeq  R3_LAFmax  E3_estimated_1  E3_estimated_2
Timestamp                                                                         
2023-08-01 07:00:24      62.1      66.0       64.0            59.4            58.4
2023-08-01 07:00:25      59.3      63.2       61.0            56.4            55.7
2023-08-01 07:00:26      56.3      64.1       57.4            53.9            51.9
2023-08-01 07:00:45      49.1      58.4       50.2            47.0            44.2
2023-08-01 07:00:54      59.2      62.1       61.8            56.5            55.3
...                       ...       ...        ...             ...             ...
2023-08-01 19:58:41      55.5      66.2       56.7            53.1            50.5
2023-08-01 19:58:42      57.7      71.5       58.8            55.9            52.2
2023-08-01 19:58:59      55.9      68.2       57.5            53.4            51.5
2023-08-01 19:59:58      61.4      64.3       64.3            59.9            55.5
2023-08-01 19:59:59      57.8      61.1       59.1            56.0            52.2

[4169 rows x 5 columns],                                               filtered_by  messpunkt
Timestamp                                                           
2023-08-01 07:00:00  ed871682-e111-4cf5-9304-21068d2145cc        0.0
2023-08-01 07:00:01  ed871682-e111-4cf5-9304-21068d2145cc        0.0
2023-08-01 07:00:02  ed871682-e111-4cf5-9304-21068d2145cc        0.0
2023-08-01 07:00:03  ed871682-e111-4cf5-9304-21068d2145cc        0.0
2023-08-01 07:00:04  ed871682-e111-4cf5-9304-21068d2145cc        0.0
...                                                   ...        ...
2023-08-01 19:59:55  ed871682-e111-4cf5-9304-21068d2145cc        0.0
2023-08-01 19:59:56  ed871682-e111-4cf5-9304-21068d2145cc        0.0
2023-08-01 19:59:57  ed871682-e111-4cf5-9304-21068d2145cc        0.0
2023-08-01 19:59:58                                   NaN        NaN
2023-08-01 19:59:59                                   NaN        NaN

[46800 rows x 2 columns]
v3.py 261 2023-09-25 16:44:47,820 INFO Fremdgeräusch-Mittelung Timestamp
2023-08-01 07:00:00    64.819084
2023-08-01 07:05:00    62.393998
2023-08-01 07:10:00    62.573793
2023-08-01 07:15:00    62.754767
2023-08-01 07:20:00    62.738967
                         ...    
2023-08-01 19:35:00    65.067060
2023-08-01 19:40:00    65.046846
2023-08-01 19:45:00    65.026928
2023-08-01 19:50:00    65.012142
2023-08-01 19:55:00    64.989755
Freq: 5T, Name: R3_LAFeq, Length: 156, dtype: float64
v3.py 252 2023-09-25 16:44:47,828 INFO Fremdgeräusch-Beurteilungspegel Timestamp
2023-08-01 07:00:00    38.419126
2023-08-01 07:05:00    41.535975
2023-08-01 07:10:00    44.878319
2023-08-01 07:15:00    46.446490
2023-08-01 07:20:00    47.461514
                         ...    
2023-08-01 19:35:00    64.934986
2023-08-01 19:40:00    64.941835
2023-08-01 19:45:00    64.956151
2023-08-01 19:50:00    64.961340
2023-08-01 19:55:00    64.967542
Freq: 5T, Name: R3_LAFeq, Length: 156, dtype: float64
v3.py 309 2023-09-25 16:44:47,829 INFO Vorhandene Messwerte: 46800
v3.py 310 2023-09-25 16:44:47,829 INFO Messwerte von Baustelle: 4169
v3.py 162 2023-09-25 16:44:47,838 INFO Beurteilungspegel Lärm von Baustelle Timestamp
2023-08-01 07:00:00         -inf
2023-08-01 07:05:00    38.290311
2023-08-01 07:10:00    39.078510
2023-08-01 07:15:00    39.500248
2023-08-01 07:20:00    39.690735
                         ...    
2023-08-01 19:35:00    55.727137
2023-08-01 19:40:00    55.729025
2023-08-01 19:45:00    55.736066
2023-08-01 19:50:00    55.758090
2023-08-01 19:55:00    55.764850
Freq: 300S, Name: lr_mp_3, Length: 156, dtype: float64
azure.py 57 2023-09-25 16:44:49,672 INFO                      E4_estimated_1  E4_estimated_2
Timestamp                                          
2023-08-01 07:00:00            48.3            47.0
2023-08-01 07:00:01            48.2            47.9
2023-08-01 07:00:02            47.3            46.6
2023-08-01 07:00:03            47.3            46.9
2023-08-01 07:00:04            47.1            46.3
...                             ...             ...
2023-08-01 19:59:55            47.2            48.1
2023-08-01 19:59:56            48.8            50.9
2023-08-01 19:59:57            51.0            53.5
2023-08-01 19:59:58            51.0            52.8
2023-08-01 19:59:59            56.0            55.0

[46790 rows x 2 columns]
azure.py 90 2023-09-25 16:44:49,687 INFO select lafeq, lcfeq, lafmax, time from "dauerauswertung_resu" where messpunkt_id = 'ab4e7e2d-8c39-48c2-b80c-b80f6b619657'::uuid and time >= '2023-08-01 07:00:00+02:00' and time < '2023-08-01 20:00:00+02:00' ORDER BY TIME
v3.py 289 2023-09-25 16:44:53,359 INFO Messdaten: f                     R4_LAFeq  R4_LCFeq  R4_LAFmax  E4_estimated_1  E4_estimated_2
Timestamp                                                                         
2023-08-01 07:00:00      50.9      59.2       52.1            48.3            47.0
2023-08-01 07:00:01      51.3      59.4       52.4            48.2            47.9
2023-08-01 07:00:02      50.2      60.2       50.6            47.3            46.6
2023-08-01 07:00:03      50.4      59.1       51.1            47.3            46.9
2023-08-01 07:00:04      50.0      60.4       51.3            47.1            46.3
...                       ...       ...        ...             ...             ...
2023-08-01 19:59:55      51.1      70.0       51.9            47.2            48.1
2023-08-01 19:59:56      53.4      70.0       54.3            48.8            50.9
2023-08-01 19:59:57      55.7      63.6       57.4            51.0            53.5
2023-08-01 19:59:58      55.1      61.3       56.8            51.0            52.8
2023-08-01 19:59:59      58.9      66.9       61.9            56.0            55.0

[46790 rows x 5 columns]
v3.py 40 2023-09-25 16:44:53,363 INFO Hohe Fremdgeräusche an MP 4
v3.py 41 2023-09-25 16:44:53,364 INFO Timestamp
2023-08-01 07:00:00    False
2023-08-01 07:00:01     True
2023-08-01 07:00:02    False
2023-08-01 07:00:03     True
2023-08-01 07:00:04    False
                       ...  
2023-08-01 19:59:55     True
2023-08-01 19:59:56     True
2023-08-01 19:59:57     True
2023-08-01 19:59:58     True
2023-08-01 19:59:59    False
Length: 46790, dtype: bool
v3.py 44 2023-09-25 16:44:53,371 INFO Anzahl Sekunden mit hohem Fremdpegel Timestamp
2023-08-01 07:00:01    True
2023-08-01 07:00:03    True
2023-08-01 07:00:05    True
2023-08-01 07:00:14    True
2023-08-01 07:00:19    True
                       ... 
2023-08-01 19:59:54    True
2023-08-01 19:59:55    True
2023-08-01 19:59:56    True
2023-08-01 19:59:57    True
2023-08-01 19:59:58    True
Length: 27718, dtype: bool
v3.py 294 2023-09-25 16:44:53,401 INFO Zuordnung Baustelle / Nicht-Baustelle                      R4_LAFeq  R4_LCFeq  R4_LAFmax  E4_estimated_1  E4_estimated_2
Timestamp                                                                         
2023-08-01 07:00:00      50.9      59.2       52.1            48.3            47.0
2023-08-01 07:00:02      50.2      60.2       50.6            47.3            46.6
2023-08-01 07:00:04      50.0      60.4       51.3            47.1            46.3
2023-08-01 07:00:06      51.4      66.3       51.9            48.7            47.1
2023-08-01 07:00:07      50.8      60.3       51.6            48.0            46.7
...                       ...       ...        ...             ...             ...
2023-08-01 19:59:29      45.6      58.8       46.0            43.1            40.9
2023-08-01 19:59:34      46.7      63.3       47.1            43.8            42.5
2023-08-01 19:59:35      46.8      61.3       47.2            44.5            42.0
2023-08-01 19:59:36      46.9      59.9       47.2            44.3            42.3
2023-08-01 19:59:59      58.9      66.9       61.9            56.0            55.0

[19072 rows x 5 columns],                                               filtered_by  messpunkt
Timestamp                                                           
2023-08-01 07:00:00                                   NaN        NaN
2023-08-01 07:00:01  ed871682-e111-4cf5-9304-21068d2145cc        0.0
2023-08-01 07:00:02                                   NaN        NaN
2023-08-01 07:00:03  ed871682-e111-4cf5-9304-21068d2145cc        0.0
2023-08-01 07:00:04                                   NaN        NaN
...                                                   ...        ...
2023-08-01 19:59:55  ed871682-e111-4cf5-9304-21068d2145cc        0.0
2023-08-01 19:59:56  ed871682-e111-4cf5-9304-21068d2145cc        0.0
2023-08-01 19:59:57  ed871682-e111-4cf5-9304-21068d2145cc        0.0
2023-08-01 19:59:58  ed871682-e111-4cf5-9304-21068d2145cc        0.0
2023-08-01 19:59:59                                   NaN        NaN

[46790 rows x 2 columns]
v3.py 261 2023-09-25 16:44:53,410 INFO Fremdgeräusch-Mittelung Timestamp
2023-08-01 07:00:00    54.649013
2023-08-01 07:05:00    59.679156
2023-08-01 07:10:00    60.056860
2023-08-01 07:15:00    59.712941
2023-08-01 07:20:00    59.378221
                         ...    
2023-08-01 19:35:00    61.240355
2023-08-01 19:40:00    61.204853
2023-08-01 19:45:00    61.183562
2023-08-01 19:50:00    61.153478
2023-08-01 19:55:00    61.115663
Freq: 5T, Name: R4_LAFeq, Length: 156, dtype: float64
v3.py 252 2023-09-25 16:44:53,418 INFO Fremdgeräusch-Beurteilungspegel Timestamp
2023-08-01 07:00:00    32.905794
2023-08-01 07:05:00    41.195463
2023-08-01 07:10:00    42.419071
2023-08-01 07:15:00    42.887005
2023-08-01 07:20:00    43.402584
                         ...    
2023-08-01 19:35:00    61.033875
2023-08-01 19:40:00    61.057143
2023-08-01 19:45:00    61.069941
2023-08-01 19:50:00    61.077532
2023-08-01 19:55:00    61.085861
Freq: 5T, Name: R4_LAFeq, Length: 156, dtype: float64
v3.py 309 2023-09-25 16:44:53,420 INFO Vorhandene Messwerte: 46790
v3.py 310 2023-09-25 16:44:53,420 INFO Messwerte von Baustelle: 19072
v3.py 162 2023-09-25 16:44:53,428 INFO Beurteilungspegel Lärm von Baustelle Timestamp
2023-08-01 07:00:00     8.096038
2023-08-01 07:05:00    20.715962
2023-08-01 07:10:00    23.969929
2023-08-01 07:15:00    27.286257
2023-08-01 07:20:00    29.474416
                         ...    
2023-08-01 19:35:00    53.210511
2023-08-01 19:40:00    53.210916
2023-08-01 19:45:00    53.211964
2023-08-01 19:50:00    53.213156
2023-08-01 19:55:00    53.213711
Freq: 300S, Name: lr_mp_4, Length: 156, dtype: float64
db_insert.py 89 2023-09-25 16:45:12,872 INFO SELECT id FROM dauerauswertung_auswertungslaufbaulaerm WHERE zeitpunkt_im_beurteilungszeitraum  >= '2023-08-01 07:00:00+02:00' and zeitpunkt_im_beurteilungszeitraum <= '2023-08-01 20:00:00+02:00' and zuordnung_id = '8d7e0d22-620c-45b4-ac38-25b63ddf79e0'::uuid
db_insert.py 92 2023-09-25 16:45:12,873 INFO [('a699bbe8-2a6b-4c73-afaa-c6079a1769b2',)]
db_insert.py 52 2023-09-25 16:45:12,874 INFO ['a699bbe8-2a6b-4c73-afaa-c6079a1769b2']
db_insert.py 64 2023-09-25 16:45:12,973 INFO 
                        DELETE FROM dauerauswertung_beurteilungspegelbaulaerm WHERE berechnet_von_id = 'a699bbe8-2a6b-4c73-afaa-c6079a1769b2'::uuid;
                        
db_insert.py 64 2023-09-25 16:45:13,080 INFO 
                        DELETE FROM dauerauswertung_richtungungsgewertetertaktmaximalpegel WHERE berechnet_von_id = 'a699bbe8-2a6b-4c73-afaa-c6079a1769b2'::uuid;
                        
db_insert.py 64 2023-09-25 16:45:13,592 INFO 
                        DELETE FROM dauerauswertung_baustellenumgebungspegel WHERE berechnet_von_id = 'a699bbe8-2a6b-4c73-afaa-c6079a1769b2'::uuid;
                        
db_insert.py 64 2023-09-25 16:45:13,797 INFO 
                        DELETE FROM dauerauswertung_baustellenbeurteilungspegel WHERE berechnet_von_id = 'a699bbe8-2a6b-4c73-afaa-c6079a1769b2'::uuid;
                        
db_insert.py 64 2023-09-25 16:45:14,103 INFO 
                        DELETE FROM dauerauswertung_baustellenbeurteilungspegelumgebung WHERE berechnet_von_id = 'a699bbe8-2a6b-4c73-afaa-c6079a1769b2'::uuid;
                        
db_insert.py 71 2023-09-25 16:45:14,676 INFO 
                        DELETE FROM dauerauswertung_rejected WHERE berechnet_von_baulaerm_id = 'a699bbe8-2a6b-4c73-afaa-c6079a1769b2'::uuid;
                        
db_insert.py 71 2023-09-25 16:45:14,820 INFO 
                        DELETE FROM dauerauswertung_detected WHERE berechnet_von_baulaerm_id = 'a699bbe8-2a6b-4c73-afaa-c6079a1769b2'::uuid;
                        
db_insert.py 73 2023-09-25 16:45:14,821 INFO DELETE FROM dauerauswertung_auswertungslaufbaulaerm WHERE id = 'a699bbe8-2a6b-4c73-afaa-c6079a1769b2'::uuid
v3.py 268 2023-09-25 16:46:50,166 INFO Baulaerm-Auswertung von 2023-08-02 07:00:00 bis 2023-08-02 20:00:00
azure.py 57 2023-09-25 16:47:08,083 INFO                      E1_estimated_1  E1_estimated_2
Timestamp                                          
2023-08-02 07:00:00            45.8            56.1
2023-08-02 07:00:01            46.1            56.3
2023-08-02 07:00:02            48.3            59.7
2023-08-02 07:00:03            51.8            63.9
2023-08-02 07:00:04            56.0            68.7
...                             ...             ...
2023-08-02 19:59:55            39.3            44.6
2023-08-02 19:59:56            38.2            45.5
2023-08-02 19:59:57            40.4            44.8
2023-08-02 19:59:58            41.1            44.6
2023-08-02 19:59:59            42.8            45.8

[46790 rows x 2 columns]
azure.py 90 2023-09-25 16:47:08,106 INFO select lafeq, lcfeq, lafmax, time from "dauerauswertung_resu" where messpunkt_id = '16b2a784-8b6b-4b7e-9abf-fd2d5a8a0091'::uuid and time >= '2023-08-02 07:00:00+02:00' and time < '2023-08-02 20:00:00+02:00' ORDER BY TIME
v3.py 289 2023-09-25 16:47:13,499 INFO Messdaten: f                     R1_LAFeq  R1_LCFeq  R1_LAFmax  E1_estimated_1  E1_estimated_2
Timestamp                                                                         
2023-08-02 07:00:00      56.5      63.2       56.9            45.8            56.1
2023-08-02 07:00:01      56.8      65.8       58.2            46.1            56.3
2023-08-02 07:00:02      60.0      65.3       60.9            48.3            59.7
2023-08-02 07:00:03      64.2      69.3       66.8            51.8            63.9
2023-08-02 07:00:04      68.9      74.8       69.9            56.0            68.7
...                       ...       ...        ...             ...             ...
2023-08-02 19:59:55      45.9      51.5       46.2            39.3            44.6
2023-08-02 19:59:56      46.3      52.8       46.6            38.2            45.5
2023-08-02 19:59:57      46.3      53.0       46.5            40.4            44.8
2023-08-02 19:59:58      46.4      52.9       47.2            41.1            44.6
2023-08-02 19:59:59      47.7      52.8       48.4            42.8            45.8

[46790 rows x 5 columns]
v3.py 40 2023-09-25 16:47:13,506 INFO Hohe Fremdgeräusche an MP 1
v3.py 41 2023-09-25 16:47:13,506 INFO Timestamp
2023-08-02 07:00:00    True
2023-08-02 07:00:01    True
2023-08-02 07:00:02    True
2023-08-02 07:00:03    True
2023-08-02 07:00:04    True
                       ... 
2023-08-02 19:59:55    True
2023-08-02 19:59:56    True
2023-08-02 19:59:57    True
2023-08-02 19:59:58    True
2023-08-02 19:59:59    True
Length: 46790, dtype: bool
v3.py 44 2023-09-25 16:47:13,512 INFO Anzahl Sekunden mit hohem Fremdpegel Timestamp
2023-08-02 07:00:00    True
2023-08-02 07:00:01    True
2023-08-02 07:00:02    True
2023-08-02 07:00:03    True
2023-08-02 07:00:04    True
                       ... 
2023-08-02 19:59:55    True
2023-08-02 19:59:56    True
2023-08-02 19:59:57    True
2023-08-02 19:59:58    True
2023-08-02 19:59:59    True
Length: 46531, dtype: bool
v3.py 294 2023-09-25 16:47:13,545 INFO Zuordnung Baustelle / Nicht-Baustelle                      R1_LAFeq  R1_LCFeq  R1_LAFmax  E1_estimated_1  E1_estimated_2
Timestamp                                                                         
2023-08-02 07:00:27      47.8      57.7       48.4            45.5            43.5
2023-08-02 07:06:12      49.3      56.0       49.7            46.6            45.4
2023-08-02 07:06:15      52.0      58.1       52.8            49.2            48.5
2023-08-02 07:07:01      53.2      62.3       54.6            50.3            49.5
2023-08-02 07:11:22      53.8      60.6       56.5            51.1            50.2
...                       ...       ...        ...             ...             ...
2023-08-02 19:51:19      55.6      62.6       57.0            53.1            51.5
2023-08-02 19:51:29      54.1      68.4       54.9            53.1            46.5
2023-08-02 19:51:32      59.0      75.5       59.5            57.5            53.1
2023-08-02 19:53:17      52.8      65.9       54.2            51.7            45.5
2023-08-02 19:59:01      45.4      59.4       46.0            42.8            41.3

[259 rows x 5 columns],                                               filtered_by  messpunkt
Timestamp                                                           
2023-08-02 07:00:00  ed871682-e111-4cf5-9304-21068d2145cc        0.0
2023-08-02 07:00:01  ed871682-e111-4cf5-9304-21068d2145cc        0.0
2023-08-02 07:00:02  ed871682-e111-4cf5-9304-21068d2145cc        0.0
2023-08-02 07:00:03  ed871682-e111-4cf5-9304-21068d2145cc        0.0
2023-08-02 07:00:04  ed871682-e111-4cf5-9304-21068d2145cc        0.0
...                                                   ...        ...
2023-08-02 19:59:55  ed871682-e111-4cf5-9304-21068d2145cc        0.0
2023-08-02 19:59:56  ed871682-e111-4cf5-9304-21068d2145cc        0.0
2023-08-02 19:59:57  ed871682-e111-4cf5-9304-21068d2145cc        0.0
2023-08-02 19:59:58  ed871682-e111-4cf5-9304-21068d2145cc        0.0
2023-08-02 19:59:59  ed871682-e111-4cf5-9304-21068d2145cc        0.0

[46790 rows x 2 columns]
v3.py 261 2023-09-25 16:47:13,559 INFO Fremdgeräusch-Mittelung Timestamp
2023-08-02 07:00:00    68.056777
2023-08-02 07:05:00    62.085078
2023-08-02 07:10:00    61.608968
2023-08-02 07:15:00    62.085712
2023-08-02 07:20:00    62.363726
                         ...    
2023-08-02 19:35:00    61.148390
2023-08-02 19:40:00    61.144098
2023-08-02 19:45:00    61.132846
2023-08-02 19:50:00    61.115631
2023-08-02 19:55:00    61.098640
Freq: 5T, Name: R1_LAFeq, Length: 156, dtype: float64
v3.py 252 2023-09-25 16:47:13,566 INFO Fremdgeräusch-Beurteilungspegel Timestamp
2023-08-02 07:00:00    38.861279
2023-08-02 07:05:00    41.934988
2023-08-02 07:10:00    44.137653
2023-08-02 07:15:00    46.012500
2023-08-02 07:20:00    47.156696
                         ...    
2023-08-02 19:35:00    61.032063
2023-08-02 19:40:00    61.048959
2023-08-02 19:45:00    61.055765
2023-08-02 19:50:00    61.070727
2023-08-02 19:55:00    61.077732
Freq: 5T, Name: R1_LAFeq, Length: 156, dtype: float64
v3.py 309 2023-09-25 16:47:13,569 INFO Vorhandene Messwerte: 46790
v3.py 310 2023-09-25 16:47:13,570 INFO Messwerte von Baustelle: 259
v3.py 162 2023-09-25 16:47:13,579 INFO Beurteilungspegel Lärm von Baustelle Timestamp
2023-08-02 07:00:00         -inf
2023-08-02 07:05:00         -inf
2023-08-02 07:10:00    27.867002
2023-08-02 07:15:00    27.867002
2023-08-02 07:20:00    37.828838
                         ...    
2023-08-02 19:35:00    58.655720
2023-08-02 19:40:00    58.674143
2023-08-02 19:45:00    58.679722
2023-08-02 19:50:00    58.685431
2023-08-02 19:55:00    58.685431
Freq: 300S, Name: lr_mp_1, Length: 156, dtype: float64
azure.py 57 2023-09-25 16:47:16,055 INFO                      E2_estimated_1  E2_estimated_2
Timestamp                                          
2023-08-02 07:00:00            56.8            52.5
2023-08-02 07:00:01            57.4            51.9
2023-08-02 07:00:02            56.2            53.7
2023-08-02 07:00:03            52.5            53.3
2023-08-02 07:00:04            50.3            53.6
...                             ...             ...
2023-08-02 19:59:55            59.3            60.2
2023-08-02 19:59:56            53.0            63.7
2023-08-02 19:59:57            52.8            63.1
2023-08-02 19:59:58            51.2            59.7
2023-08-02 19:59:59            54.3            56.3

[46787 rows x 2 columns]
azure.py 90 2023-09-25 16:47:16,071 INFO select lafeq, lcfeq, lafmax, time from "dauerauswertung_resu" where messpunkt_id = '965157eb-ab17-496f-879a-55ce924f6252'::uuid and time >= '2023-08-02 07:00:00+02:00' and time < '2023-08-02 20:00:00+02:00' ORDER BY TIME
v3.py 289 2023-09-25 16:47:20,378 INFO Messdaten: f                     R2_LAFeq  R2_LCFeq  R2_LAFmax  E2_estimated_1  E2_estimated_2
Timestamp                                                                         
2023-08-02 07:00:00      58.4      62.5       59.0            56.8            52.5
2023-08-02 07:00:01      58.7      63.1       59.2            57.4            51.9
2023-08-02 07:00:02      58.3      63.9       59.2            56.2            53.7
2023-08-02 07:00:03      56.1      67.0       57.3            52.5            53.3
2023-08-02 07:00:04      55.4      66.1       56.2            50.3            53.6
...                       ...       ...        ...             ...             ...
2023-08-02 19:59:55      62.8      67.2       63.7            59.3            60.2
2023-08-02 19:59:56      64.0      66.0       64.4            53.0            63.7
2023-08-02 19:59:57      63.5      65.1       64.2            52.8            63.1
2023-08-02 19:59:58      60.3      62.8       61.9            51.2            59.7
2023-08-02 19:59:59      58.5      60.3       59.6            54.3            56.3

[46787 rows x 5 columns]
v3.py 40 2023-09-25 16:47:20,387 INFO Hohe Fremdgeräusche an MP 2
v3.py 41 2023-09-25 16:47:20,388 INFO Timestamp
2023-08-02 07:00:00    False
2023-08-02 07:00:01    False
2023-08-02 07:00:02    False
2023-08-02 07:00:03     True
2023-08-02 07:00:04     True
                       ...  
2023-08-02 19:59:55     True
2023-08-02 19:59:56     True
2023-08-02 19:59:57     True
2023-08-02 19:59:58     True
2023-08-02 19:59:59     True
Length: 46787, dtype: bool
v3.py 44 2023-09-25 16:47:20,394 INFO Anzahl Sekunden mit hohem Fremdpegel Timestamp
2023-08-02 07:00:03    True
2023-08-02 07:00:04    True
2023-08-02 07:00:05    True
2023-08-02 07:00:06    True
2023-08-02 07:00:07    True
                       ... 
2023-08-02 19:59:55    True
2023-08-02 19:59:56    True
2023-08-02 19:59:57    True
2023-08-02 19:59:58    True
2023-08-02 19:59:59    True
Length: 23614, dtype: bool
v3.py 294 2023-09-25 16:47:20,448 INFO Zuordnung Baustelle / Nicht-Baustelle                      R2_LAFeq  R2_LCFeq  R2_LAFmax  E2_estimated_1  E2_estimated_2
Timestamp                                                                         
2023-08-02 07:00:00      58.4      62.5       59.0            56.8            52.5
2023-08-02 07:00:01      58.7      63.1       59.2            57.4            51.9
2023-08-02 07:00:02      58.3      63.9       59.2            56.2            53.7
2023-08-02 07:00:16      67.0      72.9       67.9            65.4            61.7
2023-08-02 07:00:25      69.1      75.7       70.2            66.5            65.6
...                       ...       ...        ...             ...             ...
2023-08-02 19:59:50      53.3      56.8       53.8            52.1            46.4
2023-08-02 19:59:51      54.8      57.3       55.4            53.5            47.6
2023-08-02 19:59:52      54.9      57.8       55.2            53.8            47.1
2023-08-02 19:59:53      55.7      58.9       57.2            54.5            48.9
2023-08-02 19:59:54      60.2      66.0       62.2            58.0            56.0

[23173 rows x 5 columns],                                               filtered_by  messpunkt
Timestamp                                                           
2023-08-02 07:00:00                                   NaN        NaN
2023-08-02 07:00:01                                   NaN        NaN
2023-08-02 07:00:02                                   NaN        NaN
2023-08-02 07:00:03  ed871682-e111-4cf5-9304-21068d2145cc        0.0
2023-08-02 07:00:04  ed871682-e111-4cf5-9304-21068d2145cc        0.0
...                                                   ...        ...
2023-08-02 19:59:55  ed871682-e111-4cf5-9304-21068d2145cc        0.0
2023-08-02 19:59:56  ed871682-e111-4cf5-9304-21068d2145cc        0.0
2023-08-02 19:59:57  ed871682-e111-4cf5-9304-21068d2145cc        0.0
2023-08-02 19:59:58  ed871682-e111-4cf5-9304-21068d2145cc        0.0
2023-08-02 19:59:59  ed871682-e111-4cf5-9304-21068d2145cc        0.0

[46787 rows x 2 columns]
v3.py 261 2023-09-25 16:47:20,462 INFO Fremdgeräusch-Mittelung Timestamp
2023-08-02 07:00:00    66.185504
2023-08-02 07:05:00    66.363079
2023-08-02 07:10:00    66.487228
2023-08-02 07:15:00    67.279096
2023-08-02 07:20:00    67.582826
                         ...    
2023-08-02 19:35:00    67.170302
2023-08-02 19:40:00    67.157251
2023-08-02 19:45:00    67.136118
2023-08-02 19:50:00    67.114926
2023-08-02 19:55:00    67.093261
Freq: 5T, Name: R2_LAFeq, Length: 156, dtype: float64
v3.py 252 2023-09-25 16:47:20,472 INFO Fremdgeräusch-Beurteilungspegel Timestamp
2023-08-02 07:00:00    43.279998
2023-08-02 07:05:00    47.191091
2023-08-02 07:10:00    49.555899
2023-08-02 07:15:00    51.422253
2023-08-02 07:20:00    52.677781
                         ...    
2023-08-02 19:35:00    67.023526
2023-08-02 19:40:00    67.041810
2023-08-02 19:45:00    67.048835
2023-08-02 19:50:00    67.061694
2023-08-02 19:55:00    67.071473
Freq: 5T, Name: R2_LAFeq, Length: 156, dtype: float64
v3.py 309 2023-09-25 16:47:20,474 INFO Vorhandene Messwerte: 46787
v3.py 310 2023-09-25 16:47:20,475 INFO Messwerte von Baustelle: 23173
v3.py 162 2023-09-25 16:47:20,491 INFO Beurteilungspegel Lärm von Baustelle Timestamp
2023-08-02 07:00:00    14.750177
2023-08-02 07:05:00    33.883898
2023-08-02 07:10:00    35.349771
2023-08-02 07:15:00    38.000557
2023-08-02 07:20:00    40.069220
                         ...    
2023-08-02 19:35:00    57.014950
2023-08-02 19:40:00    57.050255
2023-08-02 19:45:00    57.061157
2023-08-02 19:50:00    57.066419
2023-08-02 19:55:00    57.083393
Freq: 300S, Name: lr_mp_2, Length: 156, dtype: float64
azure.py 57 2023-09-25 16:47:22,536 INFO                      E3_estimated_1  E3_estimated_2
Timestamp                                          
2023-08-02 07:00:00            47.0            52.7
2023-08-02 07:00:01            49.2            54.3
2023-08-02 07:00:02            53.1            52.1
2023-08-02 07:00:03            48.3            46.7
2023-08-02 07:00:04            49.1            54.5
...                             ...             ...
2023-08-02 19:59:55            55.0            53.8
2023-08-02 19:59:56            56.7            55.0
2023-08-02 19:59:57            57.9            55.4
2023-08-02 19:59:58            62.7            59.3
2023-08-02 19:59:59            62.7            64.8

[46800 rows x 2 columns]
azure.py 90 2023-09-25 16:47:22,569 INFO select lafeq, lcfeq, lafmax, time from "dauerauswertung_resu" where messpunkt_id = 'd0aa76cf-36e8-43d1-bb62-ff9cc2c275c0'::uuid and time >= '2023-08-02 07:00:00+02:00' and time < '2023-08-02 20:00:00+02:00' ORDER BY TIME
v3.py 289 2023-09-25 16:47:26,583 INFO Messdaten: f                     R3_LAFeq  R3_LCFeq  R3_LAFmax  E3_estimated_1  E3_estimated_2
Timestamp                                                                         
2023-08-02 07:00:00      53.9      59.0       54.8            47.0            52.7
2023-08-02 07:00:01      55.6      60.1       59.8            49.2            54.3
2023-08-02 07:00:02      55.8      60.2       59.4            53.1            52.1
2023-08-02 07:00:03      50.9      59.3       52.2            48.3            46.7
2023-08-02 07:00:04      55.7      60.7       57.2            49.1            54.5
...                       ...       ...        ...             ...             ...
2023-08-02 19:59:55      57.7      61.6       59.2            55.0            53.8
2023-08-02 19:59:56      59.2      62.4       59.8            56.7            55.0
2023-08-02 19:59:57      60.1      63.4       62.5            57.9            55.4
2023-08-02 19:59:58      64.4      65.9       65.7            62.7            59.3
2023-08-02 19:59:59      67.0      68.9       68.3            62.7            64.8

[46800 rows x 5 columns]
v3.py 40 2023-09-25 16:47:26,588 INFO Hohe Fremdgeräusche an MP 3
v3.py 41 2023-09-25 16:47:26,588 INFO Timestamp
2023-08-02 07:00:00     True
2023-08-02 07:00:01     True
2023-08-02 07:00:02    False
2023-08-02 07:00:03    False
2023-08-02 07:00:04     True
                       ...  
2023-08-02 19:59:55    False
2023-08-02 19:59:56    False
2023-08-02 19:59:57    False
2023-08-02 19:59:58    False
2023-08-02 19:59:59     True
Length: 46800, dtype: bool
v3.py 44 2023-09-25 16:47:26,597 INFO Anzahl Sekunden mit hohem Fremdpegel Timestamp
2023-08-02 07:00:00    True
2023-08-02 07:00:01    True
2023-08-02 07:00:04    True
2023-08-02 07:00:06    True
2023-08-02 07:00:07    True
                       ... 
2023-08-02 19:59:51    True
2023-08-02 19:59:52    True
2023-08-02 19:59:53    True
2023-08-02 19:59:54    True
2023-08-02 19:59:59    True
Length: 30249, dtype: bool
v3.py 294 2023-09-25 16:47:26,666 INFO Zuordnung Baustelle / Nicht-Baustelle                      R3_LAFeq  R3_LCFeq  R3_LAFmax  E3_estimated_1  E3_estimated_2
Timestamp                                                                         
2023-08-02 07:00:02      55.8      60.2       59.4            53.1            52.1
2023-08-02 07:00:03      50.9      59.3       52.2            48.3            46.7
2023-08-02 07:00:05      52.2      60.0       54.9            50.0            46.9
2023-08-02 07:00:08      49.5      58.0       51.1            47.8            43.9
2023-08-02 07:00:10      51.3      57.4       53.9            49.5            45.7
...                       ...       ...        ...             ...             ...
2023-08-02 19:59:40      58.1      62.3       59.1            55.2            54.6
2023-08-02 19:59:55      57.7      61.6       59.2            55.0            53.8
2023-08-02 19:59:56      59.2      62.4       59.8            56.7            55.0
2023-08-02 19:59:57      60.1      63.4       62.5            57.9            55.4
2023-08-02 19:59:58      64.4      65.9       65.7            62.7            59.3

[16551 rows x 5 columns],                                               filtered_by  messpunkt
Timestamp                                                           
2023-08-02 07:00:00  ed871682-e111-4cf5-9304-21068d2145cc        0.0
2023-08-02 07:00:01  ed871682-e111-4cf5-9304-21068d2145cc        0.0
2023-08-02 07:00:02                                   NaN        NaN
2023-08-02 07:00:03                                   NaN        NaN
2023-08-02 07:00:04  ed871682-e111-4cf5-9304-21068d2145cc        0.0
...                                                   ...        ...
2023-08-02 19:59:55                                   NaN        NaN
2023-08-02 19:59:56                                   NaN        NaN
2023-08-02 19:59:57                                   NaN        NaN
2023-08-02 19:59:58                                   NaN        NaN
2023-08-02 19:59:59  ed871682-e111-4cf5-9304-21068d2145cc        0.0

[46800 rows x 2 columns]
v3.py 261 2023-09-25 16:47:26,680 INFO Fremdgeräusch-Mittelung Timestamp
2023-08-02 07:00:00    67.598889
2023-08-02 07:05:00    67.576374
2023-08-02 07:10:00    67.322927
2023-08-02 07:15:00    67.634400
2023-08-02 07:20:00    67.925211
                         ...    
2023-08-02 19:35:00    66.826266
2023-08-02 19:40:00    66.812252
2023-08-02 19:45:00    66.789821
2023-08-02 19:50:00    66.765469
2023-08-02 19:55:00    66.742752
Freq: 5T, Name: R3_LAFeq, Length: 156, dtype: float64
v3.py 252 2023-09-25 16:47:26,697 INFO Fremdgeräusch-Beurteilungspegel Timestamp
2023-08-02 07:00:00    43.981619
2023-08-02 07:05:00    47.790492
2023-08-02 07:10:00    50.783332
2023-08-02 07:15:00    52.172209
2023-08-02 07:20:00    53.105053
                         ...    
2023-08-02 19:35:00    66.652556
2023-08-02 19:40:00    66.672504
2023-08-02 19:45:00    66.688471
2023-08-02 19:50:00    66.704245
2023-08-02 19:55:00    66.717612
Freq: 5T, Name: R3_LAFeq, Length: 156, dtype: float64
v3.py 309 2023-09-25 16:47:26,708 INFO Vorhandene Messwerte: 46800
v3.py 310 2023-09-25 16:47:26,710 INFO Messwerte von Baustelle: 16551
v3.py 162 2023-09-25 16:47:26,745 INFO Beurteilungspegel Lärm von Baustelle Timestamp
2023-08-02 07:00:00         -inf
2023-08-02 07:05:00    34.942924
2023-08-02 07:10:00    35.677520
2023-08-02 07:15:00    36.341465
2023-08-02 07:20:00    40.306568
                         ...    
2023-08-02 19:35:00    63.990889
2023-08-02 19:40:00    63.992201
2023-08-02 19:45:00    63.992388
2023-08-02 19:50:00    63.992742
2023-08-02 19:55:00    63.993519
Freq: 300S, Name: lr_mp_3, Length: 156, dtype: float64
azure.py 57 2023-09-25 16:47:28,654 INFO                      E4_estimated_1  E4_estimated_2
Timestamp                                          
2023-08-02 07:00:00            57.5            59.1
2023-08-02 07:00:01            57.0            62.3
2023-08-02 07:00:02            59.7            64.7
2023-08-02 07:00:03            56.9            67.0
2023-08-02 07:00:04            56.0            66.4
...                             ...             ...
2023-08-02 19:59:55            41.2            41.2
2023-08-02 19:59:56            41.2            41.6
2023-08-02 19:59:57            41.7            42.2
2023-08-02 19:59:58            40.9            42.6
2023-08-02 19:59:59            41.8            42.1

[46193 rows x 2 columns]
azure.py 90 2023-09-25 16:47:28,681 INFO select lafeq, lcfeq, lafmax, time from "dauerauswertung_resu" where messpunkt_id = 'ab4e7e2d-8c39-48c2-b80c-b80f6b619657'::uuid and time >= '2023-08-02 07:00:00+02:00' and time < '2023-08-02 20:00:00+02:00' ORDER BY TIME
v3.py 289 2023-09-25 16:47:32,934 INFO Messdaten: f                     R4_LAFeq  R4_LCFeq  R4_LAFmax  E4_estimated_1  E4_estimated_2
Timestamp                                                                         
2023-08-02 07:00:00      61.5      63.7       62.1            57.5            59.1
2023-08-02 07:00:01      63.5      65.3       65.7            57.0            62.3
2023-08-02 07:00:02      65.9      67.8       66.6            59.7            64.7
2023-08-02 07:00:03      67.4      68.6       68.0            56.9            67.0
2023-08-02 07:00:04      66.8      68.2       67.2            56.0            66.4
...                       ...       ...        ...             ...             ...
2023-08-02 19:59:55      44.6      60.6       44.9            41.2            41.2
2023-08-02 19:59:56      44.8      60.1       45.6            41.2            41.6
2023-08-02 19:59:57      45.4      58.5       45.9            41.7            42.2
2023-08-02 19:59:58      45.2      57.8       45.5            40.9            42.6
2023-08-02 19:59:59      45.3      58.5       45.7            41.8            42.1

[46193 rows x 5 columns]
v3.py 40 2023-09-25 16:47:32,940 INFO Hohe Fremdgeräusche an MP 4
v3.py 41 2023-09-25 16:47:32,941 INFO Timestamp
2023-08-02 07:00:00    True
2023-08-02 07:00:01    True
2023-08-02 07:00:02    True
2023-08-02 07:00:03    True
2023-08-02 07:00:04    True
                       ... 
2023-08-02 19:59:55    True
2023-08-02 19:59:56    True
2023-08-02 19:59:57    True
2023-08-02 19:59:58    True
2023-08-02 19:59:59    True
Length: 46193, dtype: bool
v3.py 44 2023-09-25 16:47:32,946 INFO Anzahl Sekunden mit hohem Fremdpegel Timestamp
2023-08-02 07:00:00    True
2023-08-02 07:00:01    True
2023-08-02 07:00:02    True
2023-08-02 07:00:03    True
2023-08-02 07:00:04    True
                       ... 
2023-08-02 19:59:55    True
2023-08-02 19:59:56    True
2023-08-02 19:59:57    True
2023-08-02 19:59:58    True
2023-08-02 19:59:59    True
Length: 28349, dtype: bool
v3.py 294 2023-09-25 16:47:32,980 INFO Zuordnung Baustelle / Nicht-Baustelle                      R4_LAFeq  R4_LCFeq  R4_LAFmax  E4_estimated_1  E4_estimated_2
Timestamp                                                                         
2023-08-02 07:00:14      51.4      57.6       53.5            48.6            47.5
2023-08-02 07:00:15      49.7      56.5       50.6            48.2            43.0
2023-08-02 07:00:17      50.3      57.0       51.3            48.6            44.1
2023-08-02 07:00:18      50.0      57.0       51.0            47.2            46.2
2023-08-02 07:00:27      50.8      57.2       51.3            48.1            46.8
...                       ...       ...        ...             ...             ...
2023-08-02 19:58:16      47.0      57.0       47.3            44.2            43.2
2023-08-02 19:58:34      46.4      57.0       46.8            43.6            42.8
2023-08-02 19:59:23      52.7      67.7       53.9            50.1            48.8
2023-08-02 19:59:45      45.3      60.6       45.8            42.5            40.9
2023-08-02 19:59:50      45.6      58.3       45.8            42.9            41.3

[17844 rows x 5 columns],                                               filtered_by  messpunkt
Timestamp                                                           
2023-08-02 07:00:00  ed871682-e111-4cf5-9304-21068d2145cc        0.0
2023-08-02 07:00:01  ed871682-e111-4cf5-9304-21068d2145cc        0.0
2023-08-02 07:00:02  ed871682-e111-4cf5-9304-21068d2145cc        0.0
2023-08-02 07:00:03  ed871682-e111-4cf5-9304-21068d2145cc        0.0
2023-08-02 07:00:04  ed871682-e111-4cf5-9304-21068d2145cc        0.0
...                                                   ...        ...
2023-08-02 19:59:55  ed871682-e111-4cf5-9304-21068d2145cc        0.0
2023-08-02 19:59:56  ed871682-e111-4cf5-9304-21068d2145cc        0.0
2023-08-02 19:59:57  ed871682-e111-4cf5-9304-21068d2145cc        0.0
2023-08-02 19:59:58  ed871682-e111-4cf5-9304-21068d2145cc        0.0
2023-08-02 19:59:59  ed871682-e111-4cf5-9304-21068d2145cc        0.0

[46193 rows x 2 columns]
v3.py 261 2023-09-25 16:47:32,992 INFO Fremdgeräusch-Mittelung Timestamp
2023-08-02 07:00:00    65.849245
2023-08-02 07:05:00    59.598681
2023-08-02 07:10:00    58.864289
2023-08-02 07:15:00    59.412227
2023-08-02 07:20:00    59.742748
                         ...    
2023-08-02 19:35:00    60.036631
2023-08-02 19:40:00    60.026376
2023-08-02 19:45:00    60.001500
2023-08-02 19:50:00    59.976967
2023-08-02 19:55:00    59.948114
Freq: 5T, Name: R4_LAFeq, Length: 156, dtype: float64
v3.py 252 2023-09-25 16:47:32,997 INFO Fremdgeräusch-Beurteilungspegel Timestamp
2023-08-02 07:00:00    38.474741
2023-08-02 07:05:00    39.178978
2023-08-02 07:10:00    39.954076
2023-08-02 07:15:00    41.405399
2023-08-02 07:20:00    42.528419
                         ...    
2023-08-02 19:35:00    59.865651
2023-08-02 19:40:00    59.881999
2023-08-02 19:45:00    59.891979
2023-08-02 19:50:00    59.903757
2023-08-02 19:55:00    59.913313
Freq: 5T, Name: R4_LAFeq, Length: 156, dtype: float64
v3.py 309 2023-09-25 16:47:32,999 INFO Vorhandene Messwerte: 46193
v3.py 310 2023-09-25 16:47:33,000 INFO Messwerte von Baustelle: 17844
v3.py 162 2023-09-25 16:47:33,012 INFO Beurteilungspegel Lärm von Baustelle Timestamp
2023-08-02 07:00:00         -inf
2023-08-02 07:05:00    25.679671
2023-08-02 07:10:00    29.389354
2023-08-02 07:15:00    31.385399
2023-08-02 07:20:00    33.994479
                         ...    
2023-08-02 19:35:00    50.562339
2023-08-02 19:40:00    50.563980
2023-08-02 19:45:00    50.567277
2023-08-02 19:50:00    50.570323
2023-08-02 19:55:00    50.571551
Freq: 300S, Name: lr_mp_4, Length: 156, dtype: float64
