Test für 2023-10-31 11:36:46.238440
Baulaerm-Auswertung von 2023-10-31 07:00:00 bis 2023-10-31 20:00:00
Messdaten: f                     R2_LAFeq  R2_LCFeq  R2_LAFmax  E2_estimated_1  E2_estimated_2
Timestamp                                                                         
2023-10-31 07:00:00      54.9      61.0       55.8            54.0            46.3
2023-10-31 07:00:01      55.2      62.1       55.7            54.5            45.9
2023-10-31 07:00:02      55.5      61.5       55.9            54.7            46.2
2023-10-31 07:00:03      56.0      61.6       56.7            55.3            46.3
2023-10-31 07:00:04      55.6      62.5       56.0            54.8            46.5
...                       ...       ...        ...             ...             ...
2023-10-31 10:59:56      70.7      75.3       71.0            69.8            61.9
2023-10-31 10:59:57      70.7      75.5       71.7            69.5            62.9
2023-10-31 10:59:58      70.3      75.5       73.7            69.4            62.0
2023-10-31 10:59:59      74.3      78.4       78.9            73.6            65.2
2023-10-31 11:00:00      71.3      79.1       72.0            70.6            62.0

[14401 rows x 5 columns]
Hohe Fremdgeräusche an MP 2
Timestamp
2023-10-31 07:00:00    False
2023-10-31 07:00:01    False
2023-10-31 07:00:02    False
2023-10-31 07:00:03    False
2023-10-31 07:00:04    False
                       ...  
2023-10-31 10:59:56    False
2023-10-31 10:59:57    False
2023-10-31 10:59:58    False
2023-10-31 10:59:59    False
2023-10-31 11:00:00    False
Length: 14401, dtype: bool
Anzahl Sekunden mit hohem Fremdpegel Timestamp
2023-10-31 07:00:15    True
2023-10-31 07:00:16    True
2023-10-31 07:00:17    True
2023-10-31 07:00:18    True
2023-10-31 07:00:22    True
                       ... 
2023-10-31 10:52:40    True
2023-10-31 10:52:42    True
2023-10-31 10:54:49    True
2023-10-31 10:58:42    True
2023-10-31 10:59:23    True
Length: 681, dtype: bool
Zuordnung Baustelle / Nicht-Baustelle                      R2_LAFeq  R2_LCFeq  R2_LAFmax  E2_estimated_1  E2_estimated_2
Timestamp                                                                         
2023-10-31 07:00:00      54.9      61.0       55.8            54.0            46.3
2023-10-31 07:00:01      55.2      62.1       55.7            54.5            45.9
2023-10-31 07:00:02      55.5      61.5       55.9            54.7            46.2
2023-10-31 07:00:03      56.0      61.6       56.7            55.3            46.3
2023-10-31 07:00:04      55.6      62.5       56.0            54.8            46.5
...                       ...       ...        ...             ...             ...
2023-10-31 10:59:56      70.7      75.3       71.0            69.8            61.9
2023-10-31 10:59:57      70.7      75.5       71.7            69.5            62.9
2023-10-31 10:59:58      70.3      75.5       73.7            69.4            62.0
2023-10-31 10:59:59      74.3      78.4       78.9            73.6            65.2
2023-10-31 11:00:00      71.3      79.1       72.0            70.6            62.0

[13720 rows x 5 columns],                     filtered_by  messpunkt
Timestamp                                 
2023-10-31 07:00:00         NaN        NaN
2023-10-31 07:00:01         NaN        NaN
2023-10-31 07:00:02         NaN        NaN
2023-10-31 07:00:03         NaN        NaN
2023-10-31 07:00:04         NaN        NaN
...                         ...        ...
2023-10-31 10:59:56         NaN        NaN
2023-10-31 10:59:57         NaN        NaN
2023-10-31 10:59:58         NaN        NaN
2023-10-31 10:59:59         NaN        NaN
2023-10-31 11:00:00         NaN        NaN

[14401 rows x 2 columns]
Fremdgeräusch-Mittelung Timestamp
2023-10-31 07:00:00    66.353961
2023-10-31 07:05:00    66.935838
2023-10-31 07:10:00    67.005189
2023-10-31 07:15:00    68.325079
2023-10-31 07:20:00          NaN
2023-10-31 07:25:00          NaN
2023-10-31 07:30:00    68.847674
2023-10-31 07:35:00    69.010109
2023-10-31 07:40:00    69.444873
2023-10-31 07:45:00    69.488287
2023-10-31 07:50:00    69.684541
2023-10-31 07:55:00          NaN
2023-10-31 08:00:00    69.982239
2023-10-31 08:05:00    70.017676
2023-10-31 08:10:00    70.339233
2023-10-31 08:15:00    70.367032
2023-10-31 08:20:00    70.366583
2023-10-31 08:25:00    70.715305
2023-10-31 08:30:00    70.664477
2023-10-31 08:35:00    70.754792
2023-10-31 08:40:00    71.157846
2023-10-31 08:45:00    71.223721
2023-10-31 08:50:00    71.322133
2023-10-31 08:55:00    71.359325
2023-10-31 09:00:00    71.388177
2023-10-31 09:05:00    71.494427
2023-10-31 09:10:00          NaN
2023-10-31 09:15:00    71.486503
2023-10-31 09:20:00    71.487989
2023-10-31 09:25:00    71.836667
2023-10-31 09:30:00    71.821209
2023-10-31 09:35:00    71.865374
2023-10-31 09:40:00    72.083461
2023-10-31 09:45:00    72.451136
2023-10-31 09:50:00    72.484046
2023-10-31 09:55:00    72.603559
2023-10-31 10:00:00    72.603553
2023-10-31 10:05:00    72.618374
2023-10-31 10:10:00          NaN
2023-10-31 10:15:00    72.624714
2023-10-31 10:20:00    72.751647
2023-10-31 10:25:00    72.861293
2023-10-31 10:30:00    72.916763
2023-10-31 10:35:00    72.919857
2023-10-31 10:40:00    72.930695
2023-10-31 10:45:00    73.018535
2023-10-31 10:50:00    73.084132
2023-10-31 10:55:00    73.083076
Freq: 5T, Name: R2_LAFeq, dtype: float64
Fremdgeräusch-Beurteilungspegel Timestamp
2023-10-31 07:00:00    55.029980
2023-10-31 07:05:00    58.683940
2023-10-31 07:10:00    58.926777
2023-10-31 07:15:00    60.327845
2023-10-31 07:20:00          NaN
2023-10-31 07:25:00          NaN
2023-10-31 07:30:00    60.930130
2023-10-31 07:35:00    61.385982
2023-10-31 07:40:00    62.127334
2023-10-31 07:45:00    62.228915
2023-10-31 07:50:00    62.525783
2023-10-31 07:55:00          NaN
2023-10-31 08:00:00    62.889284
2023-10-31 08:05:00    62.957252
2023-10-31 08:10:00    63.561122
2023-10-31 08:15:00    63.708734
2023-10-31 08:20:00    63.737729
2023-10-31 08:25:00    64.272665
2023-10-31 08:30:00    64.342957
2023-10-31 08:35:00    64.612629
2023-10-31 08:40:00    65.403161
2023-10-31 08:45:00    65.516761
2023-10-31 08:50:00    65.709078
2023-10-31 08:55:00    65.782227
2023-10-31 09:00:00    65.867039
2023-10-31 09:05:00    66.194916
2023-10-31 09:10:00          NaN
2023-10-31 09:15:00    66.222771
2023-10-31 09:20:00    66.274056
2023-10-31 09:25:00    67.725970
2023-10-31 09:30:00    67.754850
2023-10-31 09:35:00    67.870973
2023-10-31 09:40:00    69.804036
2023-10-31 09:45:00    71.620606
2023-10-31 09:50:00    71.838955
2023-10-31 09:55:00    72.068053
2023-10-31 10:00:00    72.075255
2023-10-31 10:05:00    72.181236
2023-10-31 10:10:00          NaN
2023-10-31 10:15:00    72.258986
2023-10-31 10:20:00    72.458128
2023-10-31 10:25:00    72.677393
2023-10-31 10:30:00    72.793410
2023-10-31 10:35:00    72.809197
2023-10-31 10:40:00    72.859971
2023-10-31 10:45:00    72.981729
2023-10-31 10:50:00    73.071358
2023-10-31 10:55:00    73.078917
Freq: 5T, Name: R2_LAFeq, dtype: float64
Vorhandene Messwerte: 14401
Messwerte von Baustelle: 13720
Last: 2023-10-31 11:00:00
Anteil: 0.9527777777777777
Beurteilungspegel Lärm von Baustelle Timestamp
2023-10-31 07:00:00     8.407625
2023-10-31 07:05:00    30.106460
2023-10-31 07:10:00    35.473887
2023-10-31 07:15:00    43.036526
2023-10-31 07:20:00    47.944582
                         ...    
2023-10-31 19:35:00    60.459425
2023-10-31 19:40:00    60.459425
2023-10-31 19:45:00    60.459425
2023-10-31 19:50:00    60.459425
2023-10-31 19:55:00    60.459425
Freq: 300S, Name: lr_mp_2, Length: 156, dtype: float64
Test für 2023-10-31 11:45:04.861590
Baulaerm-Auswertung von 2023-10-31 07:00:00 bis 2023-10-31 20:00:00
Messdaten: f                     R2_LAFeq  R2_LCFeq  R2_LAFmax  E2_estimated_1  E2_estimated_2
Timestamp                                                                         
2023-10-31 07:00:00      54.9      61.0       55.8            54.0            46.3
2023-10-31 07:00:01      55.2      62.1       55.7            54.5            45.9
2023-10-31 07:00:02      55.5      61.5       55.9            54.7            46.2
2023-10-31 07:00:03      56.0      61.6       56.7            55.3            46.3
2023-10-31 07:00:04      55.6      62.5       56.0            54.8            46.5
...                       ...       ...        ...             ...             ...
2023-10-31 10:59:56      70.7      75.3       71.0            69.8            61.9
2023-10-31 10:59:57      70.7      75.5       71.7            69.5            62.9
2023-10-31 10:59:58      70.3      75.5       73.7            69.4            62.0
2023-10-31 10:59:59      74.3      78.4       78.9            73.6            65.2
2023-10-31 11:00:00      71.3      79.1       72.0            70.6            62.0

[14401 rows x 5 columns]
Hohe Fremdgeräusche an MP 2
Timestamp
2023-10-31 07:00:00    False
2023-10-31 07:00:01    False
2023-10-31 07:00:02    False
2023-10-31 07:00:03    False
2023-10-31 07:00:04    False
                       ...  
2023-10-31 10:59:56    False
2023-10-31 10:59:57    False
2023-10-31 10:59:58    False
2023-10-31 10:59:59    False
2023-10-31 11:00:00    False
Length: 14401, dtype: bool
Anzahl Sekunden mit hohem Fremdpegel Timestamp
2023-10-31 07:00:15    True
2023-10-31 07:00:16    True
2023-10-31 07:00:17    True
2023-10-31 07:00:18    True
2023-10-31 07:00:22    True
                       ... 
2023-10-31 10:52:40    True
2023-10-31 10:52:42    True
2023-10-31 10:54:49    True
2023-10-31 10:58:42    True
2023-10-31 10:59:23    True
Length: 681, dtype: bool
Zuordnung Baustelle / Nicht-Baustelle                      R2_LAFeq  R2_LCFeq  R2_LAFmax  E2_estimated_1  E2_estimated_2
Timestamp                                                                         
2023-10-31 07:00:00      54.9      61.0       55.8            54.0            46.3
2023-10-31 07:00:01      55.2      62.1       55.7            54.5            45.9
2023-10-31 07:00:02      55.5      61.5       55.9            54.7            46.2
2023-10-31 07:00:03      56.0      61.6       56.7            55.3            46.3
2023-10-31 07:00:04      55.6      62.5       56.0            54.8            46.5
...                       ...       ...        ...             ...             ...
2023-10-31 10:59:56      70.7      75.3       71.0            69.8            61.9
2023-10-31 10:59:57      70.7      75.5       71.7            69.5            62.9
2023-10-31 10:59:58      70.3      75.5       73.7            69.4            62.0
2023-10-31 10:59:59      74.3      78.4       78.9            73.6            65.2
2023-10-31 11:00:00      71.3      79.1       72.0            70.6            62.0

[13720 rows x 5 columns],                     filtered_by  messpunkt
Timestamp                                 
2023-10-31 07:00:00         NaN        NaN
2023-10-31 07:00:01         NaN        NaN
2023-10-31 07:00:02         NaN        NaN
2023-10-31 07:00:03         NaN        NaN
2023-10-31 07:00:04         NaN        NaN
...                         ...        ...
2023-10-31 10:59:56         NaN        NaN
2023-10-31 10:59:57         NaN        NaN
2023-10-31 10:59:58         NaN        NaN
2023-10-31 10:59:59         NaN        NaN
2023-10-31 11:00:00         NaN        NaN

[14401 rows x 2 columns]
Fremdgeräusch-Mittelung Timestamp
2023-10-31 07:00:00    66.353961
2023-10-31 07:05:00    66.935838
2023-10-31 07:10:00    67.005189
2023-10-31 07:15:00    68.325079
2023-10-31 07:20:00          NaN
2023-10-31 07:25:00          NaN
2023-10-31 07:30:00    68.847674
2023-10-31 07:35:00    69.010109
2023-10-31 07:40:00    69.444873
2023-10-31 07:45:00    69.488287
2023-10-31 07:50:00    69.684541
2023-10-31 07:55:00          NaN
2023-10-31 08:00:00    69.982239
2023-10-31 08:05:00    70.017676
2023-10-31 08:10:00    70.339233
2023-10-31 08:15:00    70.367032
2023-10-31 08:20:00    70.366583
2023-10-31 08:25:00    70.715305
2023-10-31 08:30:00    70.664477
2023-10-31 08:35:00    70.754792
2023-10-31 08:40:00    71.157846
2023-10-31 08:45:00    71.223721
2023-10-31 08:50:00    71.322133
2023-10-31 08:55:00    71.359325
2023-10-31 09:00:00    71.388177
2023-10-31 09:05:00    71.494427
2023-10-31 09:10:00          NaN
2023-10-31 09:15:00    71.486503
2023-10-31 09:20:00    71.487989
2023-10-31 09:25:00    71.836667
2023-10-31 09:30:00    71.821209
2023-10-31 09:35:00    71.865374
2023-10-31 09:40:00    72.083461
2023-10-31 09:45:00    72.451136
2023-10-31 09:50:00    72.484046
2023-10-31 09:55:00    72.603559
2023-10-31 10:00:00    72.603553
2023-10-31 10:05:00    72.618374
2023-10-31 10:10:00          NaN
2023-10-31 10:15:00    72.624714
2023-10-31 10:20:00    72.751647
2023-10-31 10:25:00    72.861293
2023-10-31 10:30:00    72.916763
2023-10-31 10:35:00    72.919857
2023-10-31 10:40:00    72.930695
2023-10-31 10:45:00    73.018535
2023-10-31 10:50:00    73.084132
2023-10-31 10:55:00    73.083076
Freq: 5T, Name: R2_LAFeq, dtype: float64
Last: 2023-10-31 10:59:23
Anteil: 0.04741349300285456
Fremdgeräusch-Beurteilungspegel Timestamp
2023-10-31 07:00:00    49.899973
2023-10-31 07:05:00    53.553933
2023-10-31 07:10:00    53.796770
2023-10-31 07:15:00    55.197838
2023-10-31 07:20:00          NaN
2023-10-31 07:25:00          NaN
2023-10-31 07:30:00    55.800123
2023-10-31 07:35:00    56.255975
2023-10-31 07:40:00    56.997327
2023-10-31 07:45:00    57.098908
2023-10-31 07:50:00    57.395776
2023-10-31 07:55:00          NaN
2023-10-31 08:00:00    57.759277
2023-10-31 08:05:00    57.827245
2023-10-31 08:10:00    58.431115
2023-10-31 08:15:00    58.578728
2023-10-31 08:20:00    58.607722
2023-10-31 08:25:00    59.142658
2023-10-31 08:30:00    59.212950
2023-10-31 08:35:00    59.482622
2023-10-31 08:40:00    60.273154
2023-10-31 08:45:00    60.386754
2023-10-31 08:50:00    60.579071
2023-10-31 08:55:00    60.652221
2023-10-31 09:00:00    60.737032
2023-10-31 09:05:00    61.064909
2023-10-31 09:10:00          NaN
2023-10-31 09:15:00    61.092764
2023-10-31 09:20:00    61.144049
2023-10-31 09:25:00    62.595963
2023-10-31 09:30:00    62.624843
2023-10-31 09:35:00    62.740966
2023-10-31 09:40:00    64.674029
2023-10-31 09:45:00    66.490599
2023-10-31 09:50:00    66.708948
2023-10-31 09:55:00    66.938046
2023-10-31 10:00:00    66.945248
2023-10-31 10:05:00    67.051229
2023-10-31 10:10:00          NaN
2023-10-31 10:15:00    67.128979
2023-10-31 10:20:00    67.328121
2023-10-31 10:25:00    67.547386
2023-10-31 10:30:00    67.663403
2023-10-31 10:35:00    67.679190
2023-10-31 10:40:00    67.729965
2023-10-31 10:45:00    67.851722
2023-10-31 10:50:00    67.941351
2023-10-31 10:55:00    67.948910
Freq: 5T, Name: R2_LAFeq, dtype: float64
Vorhandene Messwerte: 14401
Messwerte von Baustelle: 13720
Last: 2023-10-31 11:00:00
Anteil: 0.9527777777777777
Beurteilungspegel Lärm von Baustelle Timestamp
2023-10-31 07:00:00     8.407625
2023-10-31 07:05:00    30.106460
2023-10-31 07:10:00    35.473887
2023-10-31 07:15:00    43.036526
2023-10-31 07:20:00    47.944582
                         ...    
2023-10-31 19:35:00    60.459425
2023-10-31 19:40:00    60.459425
2023-10-31 19:45:00    60.459425
2023-10-31 19:50:00    60.459425
2023-10-31 19:55:00    60.459425
Freq: 300S, Name: lr_mp_2, Length: 156, dtype: float64
